#
# There is insufficient memory for the Java Runtime Environment to continue.
# Native memory allocation (malloc) failed to allocate 1053216 bytes for Chunk::new
# Possible reasons:
#   The system is out of physical RAM or swap space
#   The process is running with CompressedOops enabled, and the Java Heap may be blocking the growth of the native heap
# Possible solutions:
#   Reduce memory load on the system
#   Increase physical memory or swap space
#   Check if swap backing store is full
#   Decrease Java heap size (-Xmx/-Xms)
#   Decrease number of Java threads
#   Decrease Java thread stack sizes (-Xss)
#   Set larger code cache with -XX:ReservedCodeCacheSize=
#   JVM is running with Zero Based Compressed Oops mode in which the Java heap is
#     placed in the first 32GB address space. The Java Heap base address is the
#     maximum limit for the native heap growth. Please use -XX:HeapBaseMinAddress
#     to set the Java Heap base and to place the Java Heap above 32GB virtual address.
# This output file may be truncated or incomplete.
#
#  Out of Memory Error (t:/workspace/open/src/hotspot/share/memory/arena.cpp:197), pid=7508, tid=16060
#
# JRE version: Java(TM) SE Runtime Environment (11.0.3+12) (build 11.0.3+12-LTS)
# Java VM: Java HotSpot(TM) 64-Bit Server VM (11.0.3+12-LTS, mixed mode, tiered, compressed oops, g1 gc, windows-amd64)
# No core dump will be written. Minidumps are not enabled by default on client versions of Windows
#

---------------  S U M M A R Y ------------

Command Line: -Dclassworlds.conf=C:\Program Files\NetBeans 11\netbeans\java\maven\bin\m2.conf -Dmaven.home=C:\Program Files\NetBeans 11\netbeans\java\maven -Dmaven.multiModuleProjectDirectory=D:\Users\Usuario\Documents\NetBeansProjects\Login org.codehaus.plexus.classworlds.launcher.Launcher -Dexec.args=-classpath %classpath Vista.Main -Dexec.executable=C:\Program Files\Java\jdk-11.0.3\bin\java.exe -Dmaven.ext.class.path=C:\Program Files\NetBeans 11\netbeans\java\maven-nblib\netbeans-eventspy.jar -Dfile.encoding=UTF-8 process-classes org.codehaus.mojo:exec-maven-plugin:1.5.0:exec

Host: Intel(R) Core(TM) i7-8550U CPU @ 1.80GHz, 8 cores, 11G,  Windows 10 , 64 bit Build 17763 (10.0.17763.475)
Time: Thu Aug  8 18:07:11 2019 Hora est. Pacífico, Sudamérica elapsed time: 3 seconds (0d 0h 0m 3s)

---------------  T H R E A D  ---------------

Current thread (0x00000196f9ebc000):  JavaThread "C2 CompilerThread0" daemon [_thread_in_native, id=16060, stack(0x0000005318d00000,0x0000005318e00000)]


Current CompileTask:
C2:   3132 4488   !   4       org.codehaus.plexus.interpolation.StringSearchInterpolator::interpolate (655 bytes)

Stack: [0x0000005318d00000,0x0000005318e00000]
Native frames: (J=compiled Java code, j=interpreted, Vv=VM code, C=native code)
V  [jvm.dll+0x63582a]
V  [jvm.dll+0x77360f]
V  [jvm.dll+0x774cba]
V  [jvm.dll+0x775373]
V  [jvm.dll+0x25e9c8]
V  [jvm.dll+0xc21d1]
V  [jvm.dll+0xc275c]
V  [jvm.dll+0x2cf734]
V  [jvm.dll+0x5522cf]
V  [jvm.dll+0x21a9bf]
V  [jvm.dll+0x2178f6]
V  [jvm.dll+0x194300]
V  [jvm.dll+0x2269df]
V  [jvm.dll+0x224fe8]
V  [jvm.dll+0x738aed]
V  [jvm.dll+0x6348c2]
C  [ucrtbase.dll+0x21ffa]
C  [KERNEL32.DLL+0x17974]
C  [ntdll.dll+0x6a271]


---------------  P R O C E S S  ---------------

Threads class SMR info:
_java_thread_list=0x00000196fca53a10, length=15, elements={
0x00000196d8325800, 0x00000196f9e23000, 0x00000196f9e25000, 0x00000196f9eb7800,
0x00000196f9eb9000, 0x00000196f9ebc000, 0x00000196f9ebf000, 0x00000196f9e63800,
0x00000196fa034800, 0x00000196fa028000, 0x00000196fa714000, 0x00000196fc70c800,
0x00000196fcc6f800, 0x00000196fe687800, 0x00000196fca9b000
}

Java Threads: ( => current thread )
  0x00000196d8325800 JavaThread "main" [_thread_in_native, id=8376, stack(0x0000005318200000,0x0000005318300000)]
  0x00000196f9e23000 JavaThread "Reference Handler" daemon [_thread_blocked, id=11592, stack(0x0000005318900000,0x0000005318a00000)]
  0x00000196f9e25000 JavaThread "Finalizer" daemon [_thread_blocked, id=12724, stack(0x0000005318a00000,0x0000005318b00000)]
  0x00000196f9eb7800 JavaThread "Signal Dispatcher" daemon [_thread_blocked, id=16176, stack(0x0000005318b00000,0x0000005318c00000)]
  0x00000196f9eb9000 JavaThread "Attach Listener" daemon [_thread_blocked, id=12420, stack(0x0000005318c00000,0x0000005318d00000)]
=>0x00000196f9ebc000 JavaThread "C2 CompilerThread0" daemon [_thread_in_native, id=16060, stack(0x0000005318d00000,0x0000005318e00000)]
  0x00000196f9ebf000 JavaThread "C1 CompilerThread0" daemon [_thread_blocked, id=14588, stack(0x0000005318e00000,0x0000005318f00000)]
  0x00000196f9e63800 JavaThread "Sweeper thread" daemon [_thread_blocked, id=14692, stack(0x0000005318f00000,0x0000005319000000)]
  0x00000196fa034800 JavaThread "Service Thread" daemon [_thread_blocked, id=9224, stack(0x0000005319000000,0x0000005319100000)]
  0x00000196fa028000 JavaThread "Common-Cleaner" daemon [_thread_blocked, id=7176, stack(0x0000005319200000,0x0000005319300000)]
  0x00000196fa714000 JavaThread "C2 CompilerThread1" daemon [_thread_blocked, id=8832, stack(0x0000005319300000,0x0000005319400000)]
  0x00000196fc70c800 JavaThread "C2 CompilerThread2" daemon [_thread_blocked, id=2408, stack(0x0000005319800000,0x0000005319900000)]
  0x00000196fcc6f800 JavaThread "Exec Stream Pumper" daemon [_thread_in_native, id=16308, stack(0x0000005319a00000,0x0000005319b00000)]
  0x00000196fe687800 JavaThread "Exec Stream Pumper" daemon [_thread_in_native, id=15552, stack(0x0000005319b00000,0x0000005319c00000)]
  0x00000196fca9b000 JavaThread "Exec Input Stream Pumper" daemon [_thread_blocked, id=13876, stack(0x0000005319c00000,0x0000005319d00000)]

Other Threads:
  0x00000196f9e20800 VMThread "VM Thread" [stack: 0x0000005318800000,0x0000005318900000] [id=5328]
  0x00000196fa026800 WatcherThread [stack: 0x0000005319100000,0x0000005319200000] [id=6908]
  0x00000196d833e000 GCTaskThread "GC Thread#0" [stack: 0x0000005318300000,0x0000005318400000] [id=10512]
  0x00000196fb7dd000 GCTaskThread "GC Thread#1" [stack: 0x0000005319500000,0x0000005319600000] [id=4968]
  0x00000196fae15000 GCTaskThread "GC Thread#2" [stack: 0x0000005319600000,0x0000005319700000] [id=10792]
  0x00000196faed1000 GCTaskThread "GC Thread#3" [stack: 0x0000005319700000,0x0000005319800000] [id=11688]
  0x00000196d8384800 ConcurrentGCThread "G1 Main Marker" [stack: 0x0000005318400000,0x0000005318500000] [id=12708]
  0x00000196d8387800 ConcurrentGCThread "G1 Conc#0" [stack: 0x0000005318500000,0x0000005318600000] [id=908]
  0x00000196fb357800 ConcurrentGCThread "G1 Conc#1" [stack: 0x0000005319400000,0x0000005319500000] [id=1900]
  0x00000196f9486800 ConcurrentGCThread "G1 Refine#0" [stack: 0x0000005318600000,0x0000005318700000] [id=9804]
  0x00000196fbabb800 ConcurrentGCThread "G1 Refine#1" [stack: 0x0000005319900000,0x0000005319a00000] [id=11792]
  0x00000196d83fd800 ConcurrentGCThread "G1 Young RemSet Sampling" [stack: 0x0000005318700000,0x0000005318800000] [id=236]

Threads with active compile tasks:
C2 CompilerThread04488   !   4       org.codehaus.plexus.interpolation.StringSearchInterpolator::interpolate (655 bytes)

VM state:not at safepoint (normal execution)

VM Mutex/Monitor currently owned by a thread: None

Heap address: 0x0000000741c00000, size: 3044 MB, Compressed Oops mode: Zero based, Oop shift amount: 3
Narrow klass base: 0x0000000800000000, Narrow klass shift: 0
Compressed class space size: 1073741824 Address: 0x0000000800000000

Heap:
 garbage-first heap   total 196608K, used 29790K [0x0000000741c00000, 0x0000000800000000)
  region size 1024K, 24 young (24576K), 11 survivors (11264K)
 Metaspace       used 31096K, capacity 31879K, committed 32048K, reserved 1077248K
  class space    used 3392K, capacity 3656K, committed 3712K, reserved 1048576K
Heap Regions: E=young(eden), S=young(survivor), O=old, HS=humongous(starts), HC=humongous(continues), CS=collection set, F=free, A=archive, TAMS=top-at-mark-start (previous, next)
|   0|0x0000000741c00000, 0x0000000741d00000, 0x0000000741d00000|100%| O|  |TAMS 0x0000000741c3f800, 0x0000000741c00000| Untracked 
|   1|0x0000000741d00000, 0x0000000741e00000, 0x0000000741e00000|100%|HS|  |TAMS 0x0000000741d00000, 0x0000000741d00000| Complete 
|   2|0x0000000741e00000, 0x0000000741f00000, 0x0000000741f00000|100%| O|  |TAMS 0x0000000741e00000, 0x0000000741e00000| Untracked 
|   3|0x0000000741f00000, 0x0000000742000000, 0x0000000742000000|100%| O|  |TAMS 0x0000000741f00000, 0x0000000741f00000| Untracked 
|   4|0x0000000742000000, 0x0000000742100000, 0x0000000742100000|100%| O|  |TAMS 0x0000000742000000, 0x0000000742000000| Untracked 
|   5|0x0000000742100000, 0x0000000742200000, 0x0000000742200000|100%| O|  |TAMS 0x0000000742100000, 0x0000000742100000| Untracked 
|   6|0x0000000742200000, 0x0000000742217800, 0x0000000742300000|  9%| O|  |TAMS 0x0000000742200000, 0x0000000742200000| Untracked 
|   7|0x0000000742300000, 0x0000000742300000, 0x0000000742400000|  0%| F|  |TAMS 0x0000000742300000, 0x0000000742300000| Untracked 
|   8|0x0000000742400000, 0x0000000742400000, 0x0000000742500000|  0%| F|  |TAMS 0x0000000742400000, 0x0000000742400000| Untracked 
|   9|0x0000000742500000, 0x0000000742500000, 0x0000000742600000|  0%| F|  |TAMS 0x0000000742500000, 0x0000000742500000| Untracked 
|  10|0x0000000742600000, 0x0000000742600000, 0x0000000742700000|  0%| F|  |TAMS 0x0000000742600000, 0x0000000742600000| Untracked 
|  11|0x0000000742700000, 0x0000000742700000, 0x0000000742800000|  0%| F|  |TAMS 0x0000000742700000, 0x0000000742700000| Untracked 
|  12|0x0000000742800000, 0x0000000742800000, 0x0000000742900000|  0%| F|  |TAMS 0x0000000742800000, 0x0000000742800000| Untracked 
|  13|0x0000000742900000, 0x0000000742900000, 0x0000000742a00000|  0%| F|  |TAMS 0x0000000742900000, 0x0000000742900000| Untracked 
|  14|0x0000000742a00000, 0x0000000742a00000, 0x0000000742b00000|  0%| F|  |TAMS 0x0000000742a00000, 0x0000000742a00000| Untracked 
|  15|0x0000000742b00000, 0x0000000742b00000, 0x0000000742c00000|  0%| F|  |TAMS 0x0000000742b00000, 0x0000000742b00000| Untracked 
|  16|0x0000000742c00000, 0x0000000742c00000, 0x0000000742d00000|  0%| F|  |TAMS 0x0000000742c00000, 0x0000000742c00000| Untracked 
|  17|0x0000000742d00000, 0x0000000742d00000, 0x0000000742e00000|  0%| F|  |TAMS 0x0000000742d00000, 0x0000000742d00000| Untracked 
|  18|0x0000000742e00000, 0x0000000742e00000, 0x0000000742f00000|  0%| F|  |TAMS 0x0000000742e00000, 0x0000000742e00000| Untracked 
|  19|0x0000000742f00000, 0x0000000742f00000, 0x0000000743000000|  0%| F|  |TAMS 0x0000000742f00000, 0x0000000742f00000| Untracked 
|  20|0x0000000743000000, 0x0000000743000000, 0x0000000743100000|  0%| F|  |TAMS 0x0000000743000000, 0x0000000743000000| Untracked 
|  21|0x0000000743100000, 0x0000000743100000, 0x0000000743200000|  0%| F|  |TAMS 0x0000000743100000, 0x0000000743100000| Untracked 
|  22|0x0000000743200000, 0x0000000743200000, 0x0000000743300000|  0%| F|  |TAMS 0x0000000743200000, 0x0000000743200000| Untracked 
|  23|0x0000000743300000, 0x0000000743300000, 0x0000000743400000|  0%| F|  |TAMS 0x0000000743300000, 0x0000000743300000| Untracked 
|  24|0x0000000743400000, 0x0000000743400000, 0x0000000743500000|  0%| F|  |TAMS 0x0000000743400000, 0x0000000743400000| Untracked 
|  25|0x0000000743500000, 0x0000000743500000, 0x0000000743600000|  0%| F|  |TAMS 0x0000000743500000, 0x0000000743500000| Untracked 
|  26|0x0000000743600000, 0x0000000743600000, 0x0000000743700000|  0%| F|  |TAMS 0x0000000743600000, 0x0000000743600000| Untracked 
|  27|0x0000000743700000, 0x0000000743700000, 0x0000000743800000|  0%| F|  |TAMS 0x0000000743700000, 0x0000000743700000| Untracked 
|  28|0x0000000743800000, 0x0000000743800000, 0x0000000743900000|  0%| F|  |TAMS 0x0000000743800000, 0x0000000743800000| Untracked 
|  29|0x0000000743900000, 0x0000000743900000, 0x0000000743a00000|  0%| F|  |TAMS 0x0000000743900000, 0x0000000743900000| Untracked 
|  30|0x0000000743a00000, 0x0000000743a00000, 0x0000000743b00000|  0%| F|  |TAMS 0x0000000743a00000, 0x0000000743a00000| Untracked 
|  31|0x0000000743b00000, 0x0000000743b00000, 0x0000000743c00000|  0%| F|  |TAMS 0x0000000743b00000, 0x0000000743b00000| Untracked 
|  32|0x0000000743c00000, 0x0000000743c00000, 0x0000000743d00000|  0%| F|  |TAMS 0x0000000743c00000, 0x0000000743c00000| Untracked 
|  33|0x0000000743d00000, 0x0000000743d00000, 0x0000000743e00000|  0%| F|  |TAMS 0x0000000743d00000, 0x0000000743d00000| Untracked 
|  34|0x0000000743e00000, 0x0000000743e00000, 0x0000000743f00000|  0%| F|  |TAMS 0x0000000743e00000, 0x0000000743e00000| Untracked 
|  35|0x0000000743f00000, 0x0000000743f00000, 0x0000000744000000|  0%| F|  |TAMS 0x0000000743f00000, 0x0000000743f00000| Untracked 
|  36|0x0000000744000000, 0x0000000744000000, 0x0000000744100000|  0%| F|  |TAMS 0x0000000744000000, 0x0000000744000000| Untracked 
|  37|0x0000000744100000, 0x0000000744100000, 0x0000000744200000|  0%| F|  |TAMS 0x0000000744100000, 0x0000000744100000| Untracked 
|  38|0x0000000744200000, 0x0000000744200000, 0x0000000744300000|  0%| F|  |TAMS 0x0000000744200000, 0x0000000744200000| Untracked 
|  39|0x0000000744300000, 0x0000000744300000, 0x0000000744400000|  0%| F|  |TAMS 0x0000000744300000, 0x0000000744300000| Untracked 
|  40|0x0000000744400000, 0x0000000744400000, 0x0000000744500000|  0%| F|  |TAMS 0x0000000744400000, 0x0000000744400000| Untracked 
|  41|0x0000000744500000, 0x0000000744500000, 0x0000000744600000|  0%| F|  |TAMS 0x0000000744500000, 0x0000000744500000| Untracked 
|  42|0x0000000744600000, 0x0000000744600000, 0x0000000744700000|  0%| F|  |TAMS 0x0000000744600000, 0x0000000744600000| Untracked 
|  43|0x0000000744700000, 0x0000000744700000, 0x0000000744800000|  0%| F|  |TAMS 0x0000000744700000, 0x0000000744700000| Untracked 
|  44|0x0000000744800000, 0x0000000744800000, 0x0000000744900000|  0%| F|  |TAMS 0x0000000744800000, 0x0000000744800000| Untracked 
|  45|0x0000000744900000, 0x0000000744900000, 0x0000000744a00000|  0%| F|  |TAMS 0x0000000744900000, 0x0000000744900000| Untracked 
|  46|0x0000000744a00000, 0x0000000744a00000, 0x0000000744b00000|  0%| F|  |TAMS 0x0000000744a00000, 0x0000000744a00000| Untracked 
|  47|0x0000000744b00000, 0x0000000744b00000, 0x0000000744c00000|  0%| F|  |TAMS 0x0000000744b00000, 0x0000000744b00000| Untracked 
|  48|0x0000000744c00000, 0x0000000744c00000, 0x0000000744d00000|  0%| F|  |TAMS 0x0000000744c00000, 0x0000000744c00000| Untracked 
|  49|0x0000000744d00000, 0x0000000744d00000, 0x0000000744e00000|  0%| F|  |TAMS 0x0000000744d00000, 0x0000000744d00000| Untracked 
|  50|0x0000000744e00000, 0x0000000744e00000, 0x0000000744f00000|  0%| F|  |TAMS 0x0000000744e00000, 0x0000000744e00000| Untracked 
|  51|0x0000000744f00000, 0x0000000744f00000, 0x0000000745000000|  0%| F|  |TAMS 0x0000000744f00000, 0x0000000744f00000| Untracked 
|  52|0x0000000745000000, 0x0000000745000000, 0x0000000745100000|  0%| F|  |TAMS 0x0000000745000000, 0x0000000745000000| Untracked 
|  53|0x0000000745100000, 0x0000000745100000, 0x0000000745200000|  0%| F|  |TAMS 0x0000000745100000, 0x0000000745100000| Untracked 
|  54|0x0000000745200000, 0x0000000745200000, 0x0000000745300000|  0%| F|  |TAMS 0x0000000745200000, 0x0000000745200000| Untracked 
|  55|0x0000000745300000, 0x0000000745300000, 0x0000000745400000|  0%| F|  |TAMS 0x0000000745300000, 0x0000000745300000| Untracked 
|  56|0x0000000745400000, 0x0000000745400000, 0x0000000745500000|  0%| F|  |TAMS 0x0000000745400000, 0x0000000745400000| Untracked 
|  57|0x0000000745500000, 0x0000000745500000, 0x0000000745600000|  0%| F|  |TAMS 0x0000000745500000, 0x0000000745500000| Untracked 
|  58|0x0000000745600000, 0x0000000745600000, 0x0000000745700000|  0%| F|  |TAMS 0x0000000745600000, 0x0000000745600000| Untracked 
|  59|0x0000000745700000, 0x0000000745700000, 0x0000000745800000|  0%| F|  |TAMS 0x0000000745700000, 0x0000000745700000| Untracked 
|  60|0x0000000745800000, 0x0000000745800000, 0x0000000745900000|  0%| F|  |TAMS 0x0000000745800000, 0x0000000745800000| Untracked 
|  61|0x0000000745900000, 0x0000000745900000, 0x0000000745a00000|  0%| F|  |TAMS 0x0000000745900000, 0x0000000745900000| Untracked 
|  62|0x0000000745a00000, 0x0000000745a00000, 0x0000000745b00000|  0%| F|  |TAMS 0x0000000745a00000, 0x0000000745a00000| Untracked 
|  63|0x0000000745b00000, 0x0000000745b00000, 0x0000000745c00000|  0%| F|  |TAMS 0x0000000745b00000, 0x0000000745b00000| Untracked 
|  64|0x0000000745c00000, 0x0000000745c00000, 0x0000000745d00000|  0%| F|  |TAMS 0x0000000745c00000, 0x0000000745c00000| Untracked 
|  65|0x0000000745d00000, 0x0000000745d00000, 0x0000000745e00000|  0%| F|  |TAMS 0x0000000745d00000, 0x0000000745d00000| Untracked 
|  66|0x0000000745e00000, 0x0000000745e00000, 0x0000000745f00000|  0%| F|  |TAMS 0x0000000745e00000, 0x0000000745e00000| Untracked 
|  67|0x0000000745f00000, 0x0000000745f00000, 0x0000000746000000|  0%| F|  |TAMS 0x0000000745f00000, 0x0000000745f00000| Untracked 
|  68|0x0000000746000000, 0x0000000746000000, 0x0000000746100000|  0%| F|  |TAMS 0x0000000746000000, 0x0000000746000000| Untracked 
|  69|0x0000000746100000, 0x0000000746100000, 0x0000000746200000|  0%| F|  |TAMS 0x0000000746100000, 0x0000000746100000| Untracked 
|  70|0x0000000746200000, 0x0000000746200000, 0x0000000746300000|  0%| F|  |TAMS 0x0000000746200000, 0x0000000746200000| Untracked 
|  71|0x0000000746300000, 0x0000000746300000, 0x0000000746400000|  0%| F|  |TAMS 0x0000000746300000, 0x0000000746300000| Untracked 
|  72|0x0000000746400000, 0x0000000746400000, 0x0000000746500000|  0%| F|  |TAMS 0x0000000746400000, 0x0000000746400000| Untracked 
|  73|0x0000000746500000, 0x0000000746500000, 0x0000000746600000|  0%| F|  |TAMS 0x0000000746500000, 0x0000000746500000| Untracked 
|  74|0x0000000746600000, 0x0000000746600000, 0x0000000746700000|  0%| F|  |TAMS 0x0000000746600000, 0x0000000746600000| Untracked 
|  75|0x0000000746700000, 0x0000000746700000, 0x0000000746800000|  0%| F|  |TAMS 0x0000000746700000, 0x0000000746700000| Untracked 
|  76|0x0000000746800000, 0x0000000746800000, 0x0000000746900000|  0%| F|  |TAMS 0x0000000746800000, 0x0000000746800000| Untracked 
|  77|0x0000000746900000, 0x0000000746900000, 0x0000000746a00000|  0%| F|  |TAMS 0x0000000746900000, 0x0000000746900000| Untracked 
|  78|0x0000000746a00000, 0x0000000746a00000, 0x0000000746b00000|  0%| F|  |TAMS 0x0000000746a00000, 0x0000000746a00000| Untracked 
|  79|0x0000000746b00000, 0x0000000746b00000, 0x0000000746c00000|  0%| F|  |TAMS 0x0000000746b00000, 0x0000000746b00000| Untracked 
|  80|0x0000000746c00000, 0x0000000746c00000, 0x0000000746d00000|  0%| F|  |TAMS 0x0000000746c00000, 0x0000000746c00000| Untracked 
|  81|0x0000000746d00000, 0x0000000746d00000, 0x0000000746e00000|  0%| F|  |TAMS 0x0000000746d00000, 0x0000000746d00000| Untracked 
|  82|0x0000000746e00000, 0x0000000746e00000, 0x0000000746f00000|  0%| F|  |TAMS 0x0000000746e00000, 0x0000000746e00000| Untracked 
|  83|0x0000000746f00000, 0x0000000746f00000, 0x0000000747000000|  0%| F|  |TAMS 0x0000000746f00000, 0x0000000746f00000| Untracked 
|  84|0x0000000747000000, 0x0000000747000000, 0x0000000747100000|  0%| F|  |TAMS 0x0000000747000000, 0x0000000747000000| Untracked 
|  85|0x0000000747100000, 0x0000000747100000, 0x0000000747200000|  0%| F|  |TAMS 0x0000000747100000, 0x0000000747100000| Untracked 
|  86|0x0000000747200000, 0x0000000747200000, 0x0000000747300000|  0%| F|  |TAMS 0x0000000747200000, 0x0000000747200000| Untracked 
|  87|0x0000000747300000, 0x0000000747300000, 0x0000000747400000|  0%| F|  |TAMS 0x0000000747300000, 0x0000000747300000| Untracked 
|  88|0x0000000747400000, 0x0000000747400000, 0x0000000747500000|  0%| F|  |TAMS 0x0000000747400000, 0x0000000747400000| Untracked 
|  89|0x0000000747500000, 0x0000000747500000, 0x0000000747600000|  0%| F|  |TAMS 0x0000000747500000, 0x0000000747500000| Untracked 
|  90|0x0000000747600000, 0x0000000747600000, 0x0000000747700000|  0%| F|  |TAMS 0x0000000747600000, 0x0000000747600000| Untracked 
|  91|0x0000000747700000, 0x0000000747700000, 0x0000000747800000|  0%| F|  |TAMS 0x0000000747700000, 0x0000000747700000| Untracked 
|  92|0x0000000747800000, 0x0000000747800000, 0x0000000747900000|  0%| F|  |TAMS 0x0000000747800000, 0x0000000747800000| Untracked 
|  93|0x0000000747900000, 0x0000000747900000, 0x0000000747a00000|  0%| F|  |TAMS 0x0000000747900000, 0x0000000747900000| Untracked 
|  94|0x0000000747a00000, 0x0000000747a00000, 0x0000000747b00000|  0%| F|  |TAMS 0x0000000747a00000, 0x0000000747a00000| Untracked 
|  95|0x0000000747b00000, 0x0000000747b00000, 0x0000000747c00000|  0%| F|  |TAMS 0x0000000747b00000, 0x0000000747b00000| Untracked 
|  96|0x0000000747c00000, 0x0000000747c00000, 0x0000000747d00000|  0%| F|  |TAMS 0x0000000747c00000, 0x0000000747c00000| Untracked 
|  97|0x0000000747d00000, 0x0000000747d00000, 0x0000000747e00000|  0%| F|  |TAMS 0x0000000747d00000, 0x0000000747d00000| Untracked 
|  98|0x0000000747e00000, 0x0000000747e00000, 0x0000000747f00000|  0%| F|  |TAMS 0x0000000747e00000, 0x0000000747e00000| Untracked 
|  99|0x0000000747f00000, 0x0000000747f00000, 0x0000000748000000|  0%| F|  |TAMS 0x0000000747f00000, 0x0000000747f00000| Untracked 
| 100|0x0000000748000000, 0x0000000748100000, 0x0000000748100000|100%| S|CS|TAMS 0x0000000748000000, 0x0000000748000000| Complete 
| 101|0x0000000748100000, 0x0000000748200000, 0x0000000748200000|100%| S|CS|TAMS 0x0000000748100000, 0x0000000748100000| Complete 
| 102|0x0000000748200000, 0x0000000748300000, 0x0000000748300000|100%| S|CS|TAMS 0x0000000748200000, 0x0000000748200000| Complete 
| 103|0x0000000748300000, 0x0000000748400000, 0x0000000748400000|100%| S|CS|TAMS 0x0000000748300000, 0x0000000748300000| Complete 
| 104|0x0000000748400000, 0x0000000748500000, 0x0000000748500000|100%| S|CS|TAMS 0x0000000748400000, 0x0000000748400000| Complete 
| 105|0x0000000748500000, 0x0000000748600000, 0x0000000748600000|100%| S|CS|TAMS 0x0000000748500000, 0x0000000748500000| Complete 
| 106|0x0000000748600000, 0x0000000748700000, 0x0000000748700000|100%| S|CS|TAMS 0x0000000748600000, 0x0000000748600000| Complete 
| 107|0x0000000748700000, 0x0000000748800000, 0x0000000748800000|100%| S|CS|TAMS 0x0000000748700000, 0x0000000748700000| Complete 
| 108|0x0000000748800000, 0x0000000748900000, 0x0000000748900000|100%| S|CS|TAMS 0x0000000748800000, 0x0000000748800000| Complete 
| 109|0x0000000748900000, 0x0000000748a00000, 0x0000000748a00000|100%| S|CS|TAMS 0x0000000748900000, 0x0000000748900000| Complete 
| 110|0x0000000748a00000, 0x0000000748b00000, 0x0000000748b00000|100%| S|CS|TAMS 0x0000000748a00000, 0x0000000748a00000| Complete 
| 111|0x0000000748b00000, 0x0000000748b00000, 0x0000000748c00000|  0%| F|  |TAMS 0x0000000748b00000, 0x0000000748b00000| Untracked 
| 112|0x0000000748c00000, 0x0000000748c00000, 0x0000000748d00000|  0%| F|  |TAMS 0x0000000748c00000, 0x0000000748c00000| Untracked 
| 113|0x0000000748d00000, 0x0000000748d00000, 0x0000000748e00000|  0%| F|  |TAMS 0x0000000748d00000, 0x0000000748d00000| Untracked 
| 114|0x0000000748e00000, 0x0000000748e00000, 0x0000000748f00000|  0%| F|  |TAMS 0x0000000748e00000, 0x0000000748e00000| Untracked 
| 115|0x0000000748f00000, 0x0000000748f00000, 0x0000000749000000|  0%| F|  |TAMS 0x0000000748f00000, 0x0000000748f00000| Untracked 
| 116|0x0000000749000000, 0x0000000749000000, 0x0000000749100000|  0%| F|  |TAMS 0x0000000749000000, 0x0000000749000000| Untracked 
| 117|0x0000000749100000, 0x0000000749100000, 0x0000000749200000|  0%| F|  |TAMS 0x0000000749100000, 0x0000000749100000| Untracked 
| 118|0x0000000749200000, 0x0000000749200000, 0x0000000749300000|  0%| F|  |TAMS 0x0000000749200000, 0x0000000749200000| Untracked 
| 119|0x0000000749300000, 0x0000000749300000, 0x0000000749400000|  0%| F|  |TAMS 0x0000000749300000, 0x0000000749300000| Untracked 
| 120|0x0000000749400000, 0x0000000749400000, 0x0000000749500000|  0%| F|  |TAMS 0x0000000749400000, 0x0000000749400000| Untracked 
| 121|0x0000000749500000, 0x0000000749500000, 0x0000000749600000|  0%| F|  |TAMS 0x0000000749500000, 0x0000000749500000| Untracked 
| 122|0x0000000749600000, 0x0000000749600000, 0x0000000749700000|  0%| F|  |TAMS 0x0000000749600000, 0x0000000749600000| Untracked 
| 123|0x0000000749700000, 0x0000000749700000, 0x0000000749800000|  0%| F|  |TAMS 0x0000000749700000, 0x0000000749700000| Untracked 
| 124|0x0000000749800000, 0x0000000749800000, 0x0000000749900000|  0%| F|  |TAMS 0x0000000749800000, 0x0000000749800000| Untracked 
| 125|0x0000000749900000, 0x0000000749900000, 0x0000000749a00000|  0%| F|  |TAMS 0x0000000749900000, 0x0000000749900000| Untracked 
| 126|0x0000000749a00000, 0x0000000749a00000, 0x0000000749b00000|  0%| F|  |TAMS 0x0000000749a00000, 0x0000000749a00000| Untracked 
| 127|0x0000000749b00000, 0x0000000749b00000, 0x0000000749c00000|  0%| F|  |TAMS 0x0000000749b00000, 0x0000000749b00000| Untracked 
| 128|0x0000000749c00000, 0x0000000749c00000, 0x0000000749d00000|  0%| F|  |TAMS 0x0000000749c00000, 0x0000000749c00000| Untracked 
| 129|0x0000000749d00000, 0x0000000749d00000, 0x0000000749e00000|  0%| F|  |TAMS 0x0000000749d00000, 0x0000000749d00000| Untracked 
| 130|0x0000000749e00000, 0x0000000749e00000, 0x0000000749f00000|  0%| F|  |TAMS 0x0000000749e00000, 0x0000000749e00000| Untracked 
| 131|0x0000000749f00000, 0x0000000749f00000, 0x000000074a000000|  0%| F|  |TAMS 0x0000000749f00000, 0x0000000749f00000| Untracked 
| 132|0x000000074a000000, 0x000000074a000000, 0x000000074a100000|  0%| F|  |TAMS 0x000000074a000000, 0x000000074a000000| Untracked 
| 133|0x000000074a100000, 0x000000074a100000, 0x000000074a200000|  0%| F|  |TAMS 0x000000074a100000, 0x000000074a100000| Untracked 
| 134|0x000000074a200000, 0x000000074a200000, 0x000000074a300000|  0%| F|  |TAMS 0x000000074a200000, 0x000000074a200000| Untracked 
| 135|0x000000074a300000, 0x000000074a300000, 0x000000074a400000|  0%| F|  |TAMS 0x000000074a300000, 0x000000074a300000| Untracked 
| 136|0x000000074a400000, 0x000000074a400000, 0x000000074a500000|  0%| F|  |TAMS 0x000000074a400000, 0x000000074a400000| Untracked 
| 137|0x000000074a500000, 0x000000074a500000, 0x000000074a600000|  0%| F|  |TAMS 0x000000074a500000, 0x000000074a500000| Untracked 
| 138|0x000000074a600000, 0x000000074a600000, 0x000000074a700000|  0%| F|  |TAMS 0x000000074a600000, 0x000000074a600000| Untracked 
| 139|0x000000074a700000, 0x000000074a700000, 0x000000074a800000|  0%| F|  |TAMS 0x000000074a700000, 0x000000074a700000| Untracked 
| 140|0x000000074a800000, 0x000000074a800000, 0x000000074a900000|  0%| F|  |TAMS 0x000000074a800000, 0x000000074a800000| Untracked 
| 141|0x000000074a900000, 0x000000074a900000, 0x000000074aa00000|  0%| F|  |TAMS 0x000000074a900000, 0x000000074a900000| Untracked 
| 142|0x000000074aa00000, 0x000000074aa00000, 0x000000074ab00000|  0%| F|  |TAMS 0x000000074aa00000, 0x000000074aa00000| Untracked 
| 143|0x000000074ab00000, 0x000000074ab00000, 0x000000074ac00000|  0%| F|  |TAMS 0x000000074ab00000, 0x000000074ab00000| Untracked 
| 144|0x000000074ac00000, 0x000000074ac00000, 0x000000074ad00000|  0%| F|  |TAMS 0x000000074ac00000, 0x000000074ac00000| Untracked 
| 145|0x000000074ad00000, 0x000000074ad00000, 0x000000074ae00000|  0%| F|  |TAMS 0x000000074ad00000, 0x000000074ad00000| Untracked 
| 146|0x000000074ae00000, 0x000000074ae00000, 0x000000074af00000|  0%| F|  |TAMS 0x000000074ae00000, 0x000000074ae00000| Untracked 
| 147|0x000000074af00000, 0x000000074af00000, 0x000000074b000000|  0%| F|  |TAMS 0x000000074af00000, 0x000000074af00000| Untracked 
| 148|0x000000074b000000, 0x000000074b000000, 0x000000074b100000|  0%| F|  |TAMS 0x000000074b000000, 0x000000074b000000| Untracked 
| 149|0x000000074b100000, 0x000000074b100000, 0x000000074b200000|  0%| F|  |TAMS 0x000000074b100000, 0x000000074b100000| Untracked 
| 150|0x000000074b200000, 0x000000074b200000, 0x000000074b300000|  0%| F|  |TAMS 0x000000074b200000, 0x000000074b200000| Untracked 
| 151|0x000000074b300000, 0x000000074b300000, 0x000000074b400000|  0%| F|  |TAMS 0x000000074b300000, 0x000000074b300000| Untracked 
| 152|0x000000074b400000, 0x000000074b400000, 0x000000074b500000|  0%| F|  |TAMS 0x000000074b400000, 0x000000074b400000| Untracked 
| 153|0x000000074b500000, 0x000000074b500000, 0x000000074b600000|  0%| F|  |TAMS 0x000000074b500000, 0x000000074b500000| Untracked 
| 154|0x000000074b600000, 0x000000074b600000, 0x000000074b700000|  0%| F|  |TAMS 0x000000074b600000, 0x000000074b600000| Untracked 
| 155|0x000000074b700000, 0x000000074b700000, 0x000000074b800000|  0%| F|  |TAMS 0x000000074b700000, 0x000000074b700000| Untracked 
| 156|0x000000074b800000, 0x000000074b800000, 0x000000074b900000|  0%| F|  |TAMS 0x000000074b800000, 0x000000074b800000| Untracked 
| 157|0x000000074b900000, 0x000000074b900000, 0x000000074ba00000|  0%| F|  |TAMS 0x000000074b900000, 0x000000074b900000| Untracked 
| 158|0x000000074ba00000, 0x000000074ba00000, 0x000000074bb00000|  0%| F|  |TAMS 0x000000074ba00000, 0x000000074ba00000| Untracked 
| 159|0x000000074bb00000, 0x000000074bb00000, 0x000000074bc00000|  0%| F|  |TAMS 0x000000074bb00000, 0x000000074bb00000| Untracked 
| 160|0x000000074bc00000, 0x000000074bc00000, 0x000000074bd00000|  0%| F|  |TAMS 0x000000074bc00000, 0x000000074bc00000| Untracked 
| 161|0x000000074bd00000, 0x000000074bd00000, 0x000000074be00000|  0%| F|  |TAMS 0x000000074bd00000, 0x000000074bd00000| Untracked 
| 162|0x000000074be00000, 0x000000074be00000, 0x000000074bf00000|  0%| F|  |TAMS 0x000000074be00000, 0x000000074be00000| Untracked 
| 163|0x000000074bf00000, 0x000000074bf00000, 0x000000074c000000|  0%| F|  |TAMS 0x000000074bf00000, 0x000000074bf00000| Untracked 
| 164|0x000000074c000000, 0x000000074c000000, 0x000000074c100000|  0%| F|  |TAMS 0x000000074c000000, 0x000000074c000000| Untracked 
| 165|0x000000074c100000, 0x000000074c100000, 0x000000074c200000|  0%| F|  |TAMS 0x000000074c100000, 0x000000074c100000| Untracked 
| 166|0x000000074c200000, 0x000000074c200000, 0x000000074c300000|  0%| F|  |TAMS 0x000000074c200000, 0x000000074c200000| Untracked 
| 167|0x000000074c300000, 0x000000074c300000, 0x000000074c400000|  0%| F|  |TAMS 0x000000074c300000, 0x000000074c300000| Untracked 
| 168|0x000000074c400000, 0x000000074c400000, 0x000000074c500000|  0%| F|  |TAMS 0x000000074c400000, 0x000000074c400000| Untracked 
| 169|0x000000074c500000, 0x000000074c500000, 0x000000074c600000|  0%| F|  |TAMS 0x000000074c500000, 0x000000074c500000| Untracked 
| 170|0x000000074c600000, 0x000000074c600000, 0x000000074c700000|  0%| F|  |TAMS 0x000000074c600000, 0x000000074c600000| Untracked 
| 171|0x000000074c700000, 0x000000074c700000, 0x000000074c800000|  0%| F|  |TAMS 0x000000074c700000, 0x000000074c700000| Untracked 
| 172|0x000000074c800000, 0x000000074c800000, 0x000000074c900000|  0%| F|  |TAMS 0x000000074c800000, 0x000000074c800000| Untracked 
| 173|0x000000074c900000, 0x000000074c900000, 0x000000074ca00000|  0%| F|  |TAMS 0x000000074c900000, 0x000000074c900000| Untracked 
| 174|0x000000074ca00000, 0x000000074ca00000, 0x000000074cb00000|  0%| F|  |TAMS 0x000000074ca00000, 0x000000074ca00000| Untracked 
| 175|0x000000074cb00000, 0x000000074cb00000, 0x000000074cc00000|  0%| F|  |TAMS 0x000000074cb00000, 0x000000074cb00000| Untracked 
| 176|0x000000074cc00000, 0x000000074cc00000, 0x000000074cd00000|  0%| F|  |TAMS 0x000000074cc00000, 0x000000074cc00000| Untracked 
| 177|0x000000074cd00000, 0x000000074cd00000, 0x000000074ce00000|  0%| F|  |TAMS 0x000000074cd00000, 0x000000074cd00000| Untracked 
| 178|0x000000074ce00000, 0x000000074ce00000, 0x000000074cf00000|  0%| F|  |TAMS 0x000000074ce00000, 0x000000074ce00000| Untracked 
| 179|0x000000074cf00000, 0x000000074cf7f0c0, 0x000000074d000000| 49%| E|  |TAMS 0x000000074cf00000, 0x000000074cf00000| Complete 
| 180|0x000000074d000000, 0x000000074d100000, 0x000000074d100000|100%| E|CS|TAMS 0x000000074d000000, 0x000000074d000000| Complete 
| 181|0x000000074d100000, 0x000000074d200000, 0x000000074d200000|100%| E|CS|TAMS 0x000000074d100000, 0x000000074d100000| Complete 
| 182|0x000000074d200000, 0x000000074d300000, 0x000000074d300000|100%| E|CS|TAMS 0x000000074d200000, 0x000000074d200000| Complete 
| 183|0x000000074d300000, 0x000000074d400000, 0x000000074d400000|100%| E|CS|TAMS 0x000000074d300000, 0x000000074d300000| Complete 
| 184|0x000000074d400000, 0x000000074d500000, 0x000000074d500000|100%| E|CS|TAMS 0x000000074d400000, 0x000000074d400000| Complete 
| 185|0x000000074d500000, 0x000000074d600000, 0x000000074d600000|100%| E|CS|TAMS 0x000000074d500000, 0x000000074d500000| Complete 
| 186|0x000000074d600000, 0x000000074d700000, 0x000000074d700000|100%| E|CS|TAMS 0x000000074d600000, 0x000000074d600000| Complete 
| 187|0x000000074d700000, 0x000000074d800000, 0x000000074d800000|100%| E|CS|TAMS 0x000000074d700000, 0x000000074d700000| Complete 
| 188|0x000000074d800000, 0x000000074d900000, 0x000000074d900000|100%| E|CS|TAMS 0x000000074d800000, 0x000000074d800000| Complete 
| 189|0x000000074d900000, 0x000000074da00000, 0x000000074da00000|100%| E|CS|TAMS 0x000000074d900000, 0x000000074d900000| Complete 
| 190|0x000000074da00000, 0x000000074db00000, 0x000000074db00000|100%| E|CS|TAMS 0x000000074da00000, 0x000000074da00000| Complete 
| 191|0x000000074db00000, 0x000000074dc00000, 0x000000074dc00000|100%| E|CS|TAMS 0x000000074db00000, 0x000000074db00000| Complete 

Card table byte_map: [0x00000196eff90000,0x00000196f0590000] _byte_map_base: 0x00000196ec582000

Marking Bits (Prev, Next): (CMBitMap*) 0x00000196d8377a70, (CMBitMap*) 0x00000196d8377a38
 Prev Bits: [0x00000196f3b20000, 0x00000196f6ab0000)
 Next Bits: [0x00000196f0b90000, 0x00000196f3b20000)

Polling page: 0x00000196d7b00000

Metaspace:

Usage:
  Non-class:     27.56 MB capacity,    27.05 MB ( 98%) used,   463.48 KB (  2%) free+waste,    55.44 KB ( <1%) overhead. 
      Class:      3.57 MB capacity,     3.31 MB ( 93%) used,   239.53 KB (  7%) free+waste,    24.13 KB ( <1%) overhead. 
       Both:     31.13 MB capacity,    30.37 MB ( 98%) used,   703.02 KB (  2%) free+waste,    79.56 KB ( <1%) overhead. 

Virtual space:
  Non-class space:       28.00 MB reserved,      27.67 MB ( 99%) committed 
      Class space:        1.00 GB reserved,       3.63 MB ( <1%) committed 
             Both:        1.03 GB reserved,      31.30 MB (  3%) committed 

Chunk freelists:
   Non-Class:  6.13 KB
       Class:  0 bytes
        Both:  6.13 KB

CodeHeap 'non-profiled nmethods': size=120000Kb used=2209Kb max_used=2209Kb free=117790Kb
 bounds [0x00000196e8130000, 0x00000196e83a0000, 0x00000196ef660000]
CodeHeap 'profiled nmethods': size=120000Kb used=11091Kb max_used=11091Kb free=108908Kb
 bounds [0x00000196e0c00000, 0x00000196e16e0000, 0x00000196e8130000]
CodeHeap 'non-nmethods': size=5760Kb used=1131Kb max_used=1169Kb free=4628Kb
 bounds [0x00000196e0660000, 0x00000196e08d0000, 0x00000196e0c00000]
 total_blobs=6048 nmethods=4613 adapters=353
 compilation: enabled
              stopped_count=0, restarted_count=0
 full_count=0

Compilation events (10 events):
Event: 3.040 Thread 0x00000196f9ebf000 4607       3       java.lang.invoke.MemberName::isField (7 bytes)
Event: 3.041 Thread 0x00000196f9ebf000 nmethod 4607 0x00000196e16d4610 code [0x00000196e16d47e0, 0x00000196e16d4a78]
Event: 3.047 Thread 0x00000196fc70c800 nmethod 4494 0x00000196e834ca90 code [0x00000196e834cd40, 0x00000196e834f8e0]
Event: 3.047 Thread 0x00000196fc70c800 4609       4       jdk.internal.org.objectweb.asm.Type::getArgumentsAndReturnSizes (151 bytes)
Event: 3.053 Thread 0x00000196fc70c800 nmethod 4609 0x00000196e8351010 code [0x00000196e8351220, 0x00000196e8351880]
Event: 3.053 Thread 0x00000196fc70c800 4561       4       sun.nio.cs.StreamDecoder::ensureOpen (18 bytes)
Event: 3.053 Thread 0x00000196fc70c800 nmethod 4561 0x00000196e8351e10 code [0x00000196e8351fa0, 0x00000196e8352018]
Event: 3.053 Thread 0x00000196fc70c800 4560   !   4       java.nio.CharBuffer::wrap (20 bytes)
Event: 3.054 Thread 0x00000196fa714000 nmethod 4559 0x00000196e8352090 code [0x00000196e83523e0, 0x00000196e8355b28]
Event: 3.056 Thread 0x00000196fc70c800 nmethod 4560 0x00000196e8357f10 code [0x00000196e83580c0, 0x00000196e8358398]

GC Heap History (6 events):
Event: 0.453 GC heap before
{Heap before GC invocations=0 (full 0):
 garbage-first heap   total 196608K, used 23552K [0x0000000741c00000, 0x0000000800000000)
  region size 1024K, 24 young (24576K), 0 survivors (0K)
 Metaspace       used 12214K, capacity 12408K, committed 12672K, reserved 1060864K
  class space    used 1262K, capacity 1349K, committed 1408K, reserved 1048576K
}
Event: 0.457 GC heap after
{Heap after GC invocations=1 (full 0):
 garbage-first heap   total 196608K, used 3326K [0x0000000741c00000, 0x0000000800000000)
  region size 1024K, 3 young (3072K), 3 survivors (3072K)
 Metaspace       used 12214K, capacity 12408K, committed 12672K, reserved 1060864K
  class space    used 1262K, capacity 1349K, committed 1408K, reserved 1048576K
}
Event: 1.921 GC heap before
{Heap before GC invocations=1 (full 0):
 garbage-first heap   total 196608K, used 67838K [0x0000000741c00000, 0x0000000800000000)
  region size 1024K, 67 young (68608K), 3 survivors (3072K)
 Metaspace       used 20792K, capacity 21205K, committed 21296K, reserved 1069056K
  class space    used 2253K, capacity 2389K, committed 2432K, reserved 1048576K
}
Event: 1.935 GC heap after
{Heap after GC invocations=2 (full 0):
 garbage-first heap   total 196608K, used 7151K [0x0000000741c00000, 0x0000000800000000)
  region size 1024K, 7 young (7168K), 7 survivors (7168K)
 Metaspace       used 20792K, capacity 21205K, committed 21296K, reserved 1069056K
  class space    used 2253K, capacity 2389K, committed 2432K, reserved 1048576K
}
Event: 2.860 GC heap before
{Heap before GC invocations=3 (full 0):
 garbage-first heap   total 196608K, used 83951K [0x0000000741c00000, 0x0000000800000000)
  region size 1024K, 81 young (82944K), 7 survivors (7168K)
 Metaspace       used 30343K, capacity 30961K, committed 31280K, reserved 1077248K
  class space    used 3326K, capacity 3600K, committed 3712K, reserved 1048576K
}
Event: 2.877 GC heap after
{Heap after GC invocations=4 (full 0):
 garbage-first heap   total 196608K, used 17502K [0x0000000741c00000, 0x0000000800000000)
  region size 1024K, 11 young (11264K), 11 survivors (11264K)
 Metaspace       used 30343K, capacity 30961K, committed 31280K, reserved 1077248K
  class space    used 3326K, capacity 3600K, committed 3712K, reserved 1048576K
}

Deoptimization events (10 events):
Event: 2.925 Thread 0x00000196d8325800 Uncommon trap: reason=class_check action=maybe_recompile pc=0x00000196e819ad78 method=java.nio.charset.CharsetDecoder.decode(Ljava/nio/ByteBuffer;Ljava/nio/CharBuffer;Z)Ljava/nio/charset/CoderResult; @ 57 c2
Event: 2.927 Thread 0x00000196d8325800 Uncommon trap: reason=class_check action=maybe_recompile pc=0x00000196e82162f8 method=java.nio.charset.CharsetDecoder.decode(Ljava/nio/ByteBuffer;Ljava/nio/CharBuffer;Z)Ljava/nio/charset/CoderResult; @ 57 c2
Event: 2.953 Thread 0x00000196d8325800 Uncommon trap: reason=class_check action=maybe_recompile pc=0x00000196e828ce88 method=org.apache.maven.model.interpolation.StringSearchModelInterpolator$InterpolateObjectAction$MapField.doInterpolate(Ljava/lang/Object;Lorg/apache/maven/model/interpolation
Event: 2.963 Thread 0x00000196d8325800 Uncommon trap: reason=class_check action=maybe_recompile pc=0x00000196e828ce88 method=org.apache.maven.model.interpolation.StringSearchModelInterpolator$InterpolateObjectAction$MapField.doInterpolate(Ljava/lang/Object;Lorg/apache/maven/model/interpolation
Event: 2.964 Thread 0x00000196d8325800 Uncommon trap: reason=class_check action=maybe_recompile pc=0x00000196e828ce88 method=org.apache.maven.model.interpolation.StringSearchModelInterpolator$InterpolateObjectAction$MapField.doInterpolate(Ljava/lang/Object;Lorg/apache/maven/model/interpolation
Event: 2.964 Thread 0x00000196d8325800 Uncommon trap: reason=class_check action=maybe_recompile pc=0x00000196e828ce88 method=org.apache.maven.model.interpolation.StringSearchModelInterpolator$InterpolateObjectAction$MapField.doInterpolate(Ljava/lang/Object;Lorg/apache/maven/model/interpolation
Event: 3.023 Thread 0x00000196d8325800 Uncommon trap: reason=unstable_if action=reinterpret pc=0x00000196e832ab88 method=java.lang.StringLatin1.lastIndexOf([BI[BII)I @ 32 c2
Event: 3.025 Thread 0x00000196d8325800 Uncommon trap: reason=unstable_if action=reinterpret pc=0x00000196e82c4328 method=java.util.StringTokenizer.skipDelimiters(I)I @ 21 c2
Event: 3.026 Thread 0x00000196d8325800 Uncommon trap: reason=unstable_if action=reinterpret pc=0x00000196e8342024 method=java.util.StringTokenizer.scanToken(I)I @ 96 c2
Event: 3.026 Thread 0x00000196d8325800 Uncommon trap: reason=unstable_if action=reinterpret pc=0x00000196e8254c78 method=java.util.StringTokenizer.scanToken(I)I @ 96 c2

Classes redefined (0 events):
No events

Internal exceptions (10 events):
Event: 2.799 Thread 0x00000196d8325800 Exception <a 'sun/nio/fs/WindowsException'{0x000000074901adf8}> (0x000000074901adf8) thrown at [t:/workspace/open/src/hotspot/share/prims/jni.cpp, line 615]
Event: 2.812 Thread 0x00000196d8325800 Exception <a 'sun/nio/fs/WindowsException'{0x0000000748f03550}> (0x0000000748f03550) thrown at [t:/workspace/open/src/hotspot/share/prims/jni.cpp, line 615]
Event: 2.851 Thread 0x00000196d8325800 Exception <a 'sun/nio/fs/WindowsException'{0x0000000748bb9b58}> (0x0000000748bb9b58) thrown at [t:/workspace/open/src/hotspot/share/prims/jni.cpp, line 615]
Event: 2.899 Thread 0x00000196d8325800 Exception <a 'sun/nio/fs/WindowsException'{0x000000074da5ebb8}> (0x000000074da5ebb8) thrown at [t:/workspace/open/src/hotspot/share/prims/jni.cpp, line 615]
Event: 3.036 Thread 0x00000196d8325800 Exception <a 'java/lang/NoSuchMethodError'{0x000000074d099458}: java.lang.invoke.DirectMethodHandle$Holder.invokeStatic(Ljava/lang/Object;J)V> (0x000000074d099458) thrown at [t:/workspace/open/src/hotspot/share/interpreter/linkResolver.cpp, line 772]
Event: 3.036 Thread 0x00000196d8325800 Exception <a 'java/lang/NoSuchMethodError'{0x000000074d09e668}: java.lang.invoke.DirectMethodHandle$Holder.invokeStatic(Ljava/lang/Object;J)Ljava/lang/Object;> (0x000000074d09e668) thrown at [t:/workspace/open/src/hotspot/share/interpreter/linkResolver.cp
Event: 3.037 Thread 0x00000196d8325800 Exception <a 'java/lang/NoSuchMethodError'{0x000000074d0a4740}: java.lang.invoke.Invokers$Holder.linkToTargetMethod(JLjava/lang/Object;)Ljava/lang/Object;> (0x000000074d0a4740) thrown at [t:/workspace/open/src/hotspot/share/interpreter/linkResolver.cpp, l
Event: 3.038 Thread 0x00000196d8325800 Exception <a 'java/lang/NoSuchMethodError'{0x000000074d0acd58}: java.lang.invoke.DirectMethodHandle$Holder.invokeStaticInit(Ljava/lang/Object;Ljava/lang/Object;JLjava/lang/Object;)Ljava/lang/Object;> (0x000000074d0acd58) thrown at [t:/workspace/open/src/h
Event: 3.038 Thread 0x00000196d8325800 Exception <a 'java/lang/NoSuchMethodError'{0x000000074d0b2e88}: java.lang.invoke.DirectMethodHandle$Holder.invokeStatic(Ljava/lang/Object;Ljava/lang/Object;J)Ljava/lang/Object;> (0x000000074d0b2e88) thrown at [t:/workspace/open/src/hotspot/share/interpret
Event: 3.039 Thread 0x00000196d8325800 Exception <a 'java/lang/NoSuchMethodError'{0x000000074d0b9158}: java.lang.invoke.Invokers$Holder.linkToTargetMethod(Ljava/lang/Object;JLjava/lang/Object;)Ljava/lang/Object;> (0x000000074d0b9158) thrown at [t:/workspace/open/src/hotspot/share/interpreter/l

Events (10 events):
Event: 3.040 loading class org/apache/commons/exec/InputStreamPumper done
Event: 3.041 loading class java/io/PipedOutputStream
Event: 3.041 loading class java/io/PipedOutputStream done
Event: 3.041 loading class org/apache/commons/exec/StreamPumper
Event: 3.041 loading class org/apache/commons/exec/StreamPumper done
Event: 3.041 loading class org/apache/commons/exec/StreamPumper
Event: 3.041 loading class org/apache/commons/exec/StreamPumper done
Event: 3.042 Thread 0x00000196fcc6f800 Thread added: 0x00000196fcc6f800
Event: 3.042 Thread 0x00000196fe687800 Thread added: 0x00000196fe687800
Event: 3.042 Thread 0x00000196fca9b000 Thread added: 0x00000196fca9b000


Dynamic libraries:
0x00007ff674ef0000 - 0x00007ff674f37000 	C:\Program Files\Java\jdk-11.0.3\bin\java.exe
0x00007ffade830000 - 0x00007ffadea1d000 	C:\Windows\SYSTEM32\ntdll.dll
0x00007ffadd490000 - 0x00007ffadd543000 	C:\Windows\System32\KERNEL32.DLL
0x00007ffada9b0000 - 0x00007ffadac43000 	C:\Windows\System32\KERNELBASE.dll
0x00007ffadd910000 - 0x00007ffadd9b3000 	C:\Windows\System32\ADVAPI32.dll
0x00007ffaddc50000 - 0x00007ffaddcee000 	C:\Windows\System32\msvcrt.dll
0x00007ffadd600000 - 0x00007ffadd69e000 	C:\Windows\System32\sechost.dll
0x00007ffaddaa0000 - 0x00007ffaddbc2000 	C:\Windows\System32\RPCRT4.dll
0x00007ffadd6a0000 - 0x00007ffadd837000 	C:\Windows\System32\USER32.dll
0x00007ffadba40000 - 0x00007ffadba60000 	C:\Windows\System32\win32u.dll
0x00007ffadddd0000 - 0x00007ffadddf9000 	C:\Windows\System32\GDI32.dll
0x00007ffadafe0000 - 0x00007ffadb179000 	C:\Windows\System32\gdi32full.dll
0x00007ffadb180000 - 0x00007ffadb220000 	C:\Windows\System32\msvcp_win.dll
0x00007ffadae80000 - 0x00007ffadaf7a000 	C:\Windows\System32\ucrtbase.dll
0x00007ffac1e00000 - 0x00007ffac2079000 	C:\Windows\WinSxS\amd64_microsoft.windows.common-controls_6595b64144ccf1df_6.0.17763.615_none_05b4414a072024d4\COMCTL32.dll
0x00007ffad0ff0000 - 0x00007ffad0ffa000 	C:\Windows\SYSTEM32\VERSION.dll
0x00007ffade4d0000 - 0x00007ffade7fc000 	C:\Windows\System32\combase.dll
0x00007ffadb220000 - 0x00007ffadb29e000 	C:\Windows\System32\bcryptPrimitives.dll
0x00007ffadde00000 - 0x00007ffadde2e000 	C:\Windows\System32\IMM32.DLL
0x00007ffac6ee0000 - 0x00007ffac6ef6000 	C:\Program Files\Java\jdk-11.0.3\bin\vcruntime140.dll
0x00007ffaabd80000 - 0x00007ffaabe2a000 	C:\Program Files\Java\jdk-11.0.3\bin\msvcp140.dll
0x00007ffa9d930000 - 0x00007ffa9e457000 	C:\Program Files\Java\jdk-11.0.3\bin\server\jvm.dll
0x00007ffaddc40000 - 0x00007ffaddc48000 	C:\Windows\System32\PSAPI.DLL
0x00007ffad5780000 - 0x00007ffad5789000 	C:\Windows\SYSTEM32\WSOCK32.dll
0x00007ffad7850000 - 0x00007ffad7874000 	C:\Windows\SYSTEM32\WINMM.dll
0x00007ffaddbd0000 - 0x00007ffaddc3d000 	C:\Windows\System32\WS2_32.dll
0x00007ffad75a0000 - 0x00007ffad75cd000 	C:\Windows\SYSTEM32\winmmbase.dll
0x00007ffadae30000 - 0x00007ffadae7a000 	C:\Windows\System32\cfgmgr32.dll
0x00007ffada8e0000 - 0x00007ffada8f1000 	C:\Windows\System32\kernel.appcore.dll
0x00007ffac6ec0000 - 0x00007ffac6ed1000 	C:\Program Files\Java\jdk-11.0.3\bin\verify.dll
0x00007ffad9520000 - 0x00007ffad970d000 	C:\Windows\SYSTEM32\DBGHELP.DLL
0x00007ffac3a70000 - 0x00007ffac3a9a000 	C:\Windows\SYSTEM32\dbgcore.DLL
0x00007ffac27e0000 - 0x00007ffac2809000 	C:\Program Files\Java\jdk-11.0.3\bin\java.dll
0x00007ffac4950000 - 0x00007ffac4966000 	C:\Program Files\Java\jdk-11.0.3\bin\zip.dll
0x00007ffad4110000 - 0x00007ffad411a000 	C:\Program Files\Java\jdk-11.0.3\bin\jimage.dll
0x00007ffadbf90000 - 0x00007ffadd480000 	C:\Windows\System32\SHELL32.dll
0x00007ffadbee0000 - 0x00007ffadbf88000 	C:\Windows\System32\shcore.dll
0x00007ffadb2d0000 - 0x00007ffadba1a000 	C:\Windows\System32\windows.storage.dll
0x00007ffada8b0000 - 0x00007ffada8d4000 	C:\Windows\System32\profapi.dll
0x00007ffada830000 - 0x00007ffada88d000 	C:\Windows\System32\powrprof.dll
0x00007ffadde30000 - 0x00007ffadde82000 	C:\Windows\System32\shlwapi.dll
0x00007ffadba20000 - 0x00007ffadba37000 	C:\Windows\System32\cryptsp.dll
0x00007ffac31f0000 - 0x00007ffac3209000 	C:\Program Files\Java\jdk-11.0.3\bin\net.dll
0x00007ffad3800000 - 0x00007ffad38f2000 	C:\Windows\SYSTEM32\WINHTTP.dll
0x00007ffad3040000 - 0x00007ffad3217000 	C:\Windows\SYSTEM32\urlmon.dll
0x00007fface140000 - 0x00007fface3e8000 	C:\Windows\SYSTEM32\iertutil.dll
0x00007ffada270000 - 0x00007ffada27c000 	C:\Windows\SYSTEM32\CRYPTBASE.DLL
0x00007ffada0a0000 - 0x00007ffada107000 	C:\Windows\system32\mswsock.dll
0x00007ffac27c0000 - 0x00007ffac27d3000 	C:\Program Files\Java\jdk-11.0.3\bin\nio.dll

dbghelp: loaded successfully - version: 4.0.5 - missing functions: none
symbol engine: initialized successfully - sym options: 0x614 - pdb path: .;C:\Program Files\Java\jdk-11.0.3\bin;C:\Windows\SYSTEM32;C:\Windows\WinSxS\amd64_microsoft.windows.common-controls_6595b64144ccf1df_6.0.17763.615_none_05b4414a072024d4;C:\Program Files\Java\jdk-11.0.3\bin\server

VM Arguments:
jvm_args: -Dclassworlds.conf=C:\Program Files\NetBeans 11\netbeans\java\maven\bin\m2.conf -Dmaven.home=C:\Program Files\NetBeans 11\netbeans\java\maven -Dmaven.multiModuleProjectDirectory=D:\Users\Usuario\Documents\NetBeansProjects\Login 
java_command: org.codehaus.plexus.classworlds.launcher.Launcher -Dexec.args=-classpath %classpath Vista.Main -Dexec.executable=C:\Program Files\Java\jdk-11.0.3\bin\java.exe -Dmaven.ext.class.path=C:\Program Files\NetBeans 11\netbeans\java\maven-nblib\netbeans-eventspy.jar -Dfile.encoding=UTF-8 process-classes org.codehaus.mojo:exec-maven-plugin:1.5.0:exec
java_class_path (initial): C:\Program Files\NetBeans 11\netbeans\java\maven\boot\plexus-classworlds-2.5.2.jar
Launcher Type: SUN_STANDARD

[Global flags]
     intx CICompilerCount                          = 4                                         {product} {ergonomic}
     uint ConcGCThreads                            = 2                                         {product} {ergonomic}
     uint G1ConcRefinementThreads                  = 8                                         {product} {ergonomic}
   size_t G1HeapRegionSize                         = 1048576                                   {product} {ergonomic}
    uintx GCDrainStackTargetSize                   = 64                                        {product} {ergonomic}
   size_t InitialHeapSize                          = 201326592                                 {product} {ergonomic}
   size_t MarkStackSize                            = 4194304                                   {product} {ergonomic}
   size_t MaxHeapSize                              = 3191865344                                {product} {ergonomic}
   size_t MaxNewSize                               = 1914699776                                {product} {ergonomic}
   size_t MinHeapDeltaBytes                        = 1048576                                   {product} {ergonomic}
    uintx NonNMethodCodeHeapSize                   = 5835340                                {pd product} {ergonomic}
    uintx NonProfiledCodeHeapSize                  = 122911450                              {pd product} {ergonomic}
    uintx ProfiledCodeHeapSize                     = 122911450                              {pd product} {ergonomic}
    uintx ReservedCodeCacheSize                    = 251658240                              {pd product} {ergonomic}
     bool SegmentedCodeCache                       = true                                      {product} {ergonomic}
     bool UseCompressedClassPointers               = true                                 {lp64_product} {ergonomic}
     bool UseCompressedOops                        = true                                 {lp64_product} {ergonomic}
     bool UseG1GC                                  = true                                      {product} {ergonomic}
     bool UseLargePagesIndividualAllocation        = false                                  {pd product} {ergonomic}

Logging:
Log output configuration:
 #0: stdout all=warning uptime,level,tags
 #1: stderr all=off uptime,level,tags

Environment Variables:
JAVA_HOME=C:\Program Files\Java\jdk-11.0.3
CLASSPATH=.;C:\Program Files (x86)\QuickTime\QTSystem\QTJava.zip
PATH=C:\Program Files (x86)\Intel\iCLS Client\;C:\Program Files\Intel\iCLS Client\;C:\Program Files (x86)\Common Files\Oracle\Java\javapath;C:\Windows\system32;C:\Windows;C:\Windows\System32\Wbem;C:\Windows\System32\WindowsPowerShell\v1.0\;C:\Windows\System32\OpenSSH\;C:\Program Files (x86)\NVIDIA Corporation\PhysX\Common;C:\Program Files\NVIDIA Corporation\NVIDIA NvDLISR;C:\Program Files (x86)\QuickTime\QTSystem\;C:\Program Files (x86)\Intel\Intel(R) Management Engine Components\DAL;C:\Program Files\Intel\Intel(R) Management Engine Components\DAL;C:\Program Files (x86)\Intel\Intel(R) Management Engine Components\IPT;C:\Program Files\Intel\Intel(R) Management Engine Components\IPT;C:\Program Files\MATLAB\R2019a\runtime\win64;C:\Program Files\MATLAB\R2019a\bin;C:\Program Files\Git\cmd;C:\Program Files\Git\mingw64\bin;C:\Program Files\Git\usr\bin;C:\Program Files\nodejs\;C:\Users\Usuario\AppData\Local\Programs\Python\Python37-32\Scripts\;C:\Users\Usuario\AppData\Local\Programs\Python\Python37-32\;C:\Users\Usuario\AppData\Local\Microsoft\WindowsApps;;C:\Users\Usuario\AppData\Local\Programs\Microsoft VS Code\bin;C:\Users\Usuario\AppData\Roaming\npm
USERNAME=Usuario
OS=Windows_NT
PROCESSOR_IDENTIFIER=Intel64 Family 6 Model 142 Stepping 10, GenuineIntel



---------------  S Y S T E M  ---------------

OS: Windows 10 , 64 bit Build 17763 (10.0.17763.475)

CPU:total 8 (initial active 8) (4 cores per cpu, 2 threads per core) family 6 model 142 stepping 10, cmov, cx8, fxsr, mmx, sse, sse2, sse3, ssse3, sse4.1, sse4.2, popcnt, avx, avx2, aes, clmul, erms, 3dnowpref, lzcnt, ht, tsc, tscinvbit, bmi1, bmi2, adx, fma

Memory: 4k page, system-wide physical 12171M (1280M free)
TotalPageFile size 12171M (AvailPageFile size 67M)
current process WorkingSet (physical memory assigned to process): 221M, peak: 224M
current process commit charge ("private bytes"): 350M, peak: 353M

vm_info: Java HotSpot(TM) 64-Bit Server VM (11.0.3+12-LTS) for windows-amd64 JRE (11.0.3+12-LTS), built on Apr  2 2019 12:43:09 by "mach5one" with MS VC++ 15.5 (VS2017)

END.
