#
# There is insufficient memory for the Java Runtime Environment to continue.
# Native memory allocation (malloc) failed to allocate 1048576 bytes for AllocateHeap
# Possible reasons:
#   The system is out of physical RAM or swap space
#   The process is running with CompressedOops enabled, and the Java Heap may be blocking the growth of the native heap
# Possible solutions:
#   Reduce memory load on the system
#   Increase physical memory or swap space
#   Check if swap backing store is full
#   Decrease Java heap size (-Xmx/-Xms)
#   Decrease number of Java threads
#   Decrease Java thread stack sizes (-Xss)
#   Set larger code cache with -XX:ReservedCodeCacheSize=
# This output file may be truncated or incomplete.
#
#  Out of Memory Error (t:/workspace/open/src/hotspot/share/memory/allocation.cpp:46), pid=5852, tid=6036
#
# JRE version:  (11.0.3+12) (build )
# Java VM: Java HotSpot(TM) 64-Bit Server VM (11.0.3+12-LTS, mixed mode, aot, sharing, tiered, compressed oops, g1 gc, windows-amd64)
# No core dump will be written. Minidumps are not enabled by default on client versions of Windows
#

---------------  S U M M A R Y ------------

Command Line: Vista.Main

Host: Intel(R) Core(TM) i7-8550U CPU @ 1.80GHz, 8 cores, 11G,  Windows 10 , 64 bit Build 17763 (10.0.17763.475)
Time: Thu Aug  8 18:07:11 2019 Hora est. Pacífico, Sudamérica elapsed time: 0 seconds (0d 0h 0m 0s)

---------------  T H R E A D  ---------------

Current thread (0x000001c486105000):  JavaThread "Unknown thread" [_thread_in_vm, id=6036, stack(0x0000005a1e500000,0x0000005a1e600000)]

Stack: [0x0000005a1e500000,0x0000005a1e600000]
Native frames: (J=compiled Java code, j=interpreted, Vv=VM code, C=native code)
V  [jvm.dll+0x63582a]
V  [jvm.dll+0x77360f]
V  [jvm.dll+0x774cba]
V  [jvm.dll+0x775373]
V  [jvm.dll+0x25e9c8]
V  [jvm.dll+0xb9ac4]
V  [jvm.dll+0x2f8b2d]
V  [jvm.dll+0x2f2ec9]
V  [jvm.dll+0x74c867]
V  [jvm.dll+0x74dfaf]
V  [jvm.dll+0x3734b9]
V  [jvm.dll+0x732f09]
V  [jvm.dll+0x3e291d]
V  [jvm.dll+0x3e4cb1]
C  [java.exe+0x3607]
C  [java.exe+0x178dc]
C  [KERNEL32.DLL+0x17974]
C  [ntdll.dll+0x6a271]


---------------  P R O C E S S  ---------------

Threads class SMR info:
_java_thread_list=0x000001c483f24c80, length=0, elements={
}

Java Threads: ( => current thread )

Other Threads:
  0x000001c48611c800 GCTaskThread "GC Thread#0" [stack: 0x0000005a1e600000,0x0000005a1e700000] [id=11196]

[error occurred during error reporting (printing all threads), id 0xc0000005, EXCEPTION_ACCESS_VIOLATION (0xc0000005) at pc=0x00007ffa9dc2d670]

VM state:not at safepoint (not fully initialized)

VM Mutex/Monitor currently owned by a thread:  ([mutex/lock_event])
[0x000001c486104660] Heap_lock - owner thread: 0x000001c486105000

Heap address: 0x0000000741c00000, size: 3044 MB, Compressed Oops mode: Non-zero based: 0x0000000741c00000
Narrow klass base: 0x0000000000000000, Narrow klass shift: 0

GC Heap History (0 events):
No events

Deoptimization events (0 events):
No events

Classes redefined (0 events):
No events

Internal exceptions (0 events):
No events

Events (0 events):
No events


Dynamic libraries:
0x00007ff674ef0000 - 0x00007ff674f37000 	C:\Program Files\Java\jdk-11.0.3\bin\java.exe
0x00007ffade830000 - 0x00007ffadea1d000 	C:\Windows\SYSTEM32\ntdll.dll
0x00007ffadd490000 - 0x00007ffadd543000 	C:\Windows\System32\KERNEL32.DLL
0x00007ffada9b0000 - 0x00007ffadac43000 	C:\Windows\System32\KERNELBASE.dll
0x00007ffadd910000 - 0x00007ffadd9b3000 	C:\Windows\System32\ADVAPI32.dll
0x00007ffaddc50000 - 0x00007ffaddcee000 	C:\Windows\System32\msvcrt.dll
0x00007ffadd600000 - 0x00007ffadd69e000 	C:\Windows\System32\sechost.dll
0x00007ffaddaa0000 - 0x00007ffaddbc2000 	C:\Windows\System32\RPCRT4.dll
0x00007ffadd6a0000 - 0x00007ffadd837000 	C:\Windows\System32\USER32.dll
0x00007ffadba40000 - 0x00007ffadba60000 	C:\Windows\System32\win32u.dll
0x00007ffadddd0000 - 0x00007ffadddf9000 	C:\Windows\System32\GDI32.dll
0x00007ffadafe0000 - 0x00007ffadb179000 	C:\Windows\System32\gdi32full.dll
0x00007ffadb180000 - 0x00007ffadb220000 	C:\Windows\System32\msvcp_win.dll
0x00007ffadae80000 - 0x00007ffadaf7a000 	C:\Windows\System32\ucrtbase.dll
0x00007ffac1e00000 - 0x00007ffac2079000 	C:\Windows\WinSxS\amd64_microsoft.windows.common-controls_6595b64144ccf1df_6.0.17763.615_none_05b4414a072024d4\COMCTL32.dll
0x00007ffad0ff0000 - 0x00007ffad0ffa000 	C:\Windows\SYSTEM32\VERSION.dll
0x00007ffade4d0000 - 0x00007ffade7fc000 	C:\Windows\System32\combase.dll
0x00007ffadb220000 - 0x00007ffadb29e000 	C:\Windows\System32\bcryptPrimitives.dll
0x00007ffadde00000 - 0x00007ffadde2e000 	C:\Windows\System32\IMM32.DLL
0x00007ffac6ee0000 - 0x00007ffac6ef6000 	C:\Program Files\Java\jdk-11.0.3\bin\vcruntime140.dll
0x00007ffaabd80000 - 0x00007ffaabe2a000 	C:\Program Files\Java\jdk-11.0.3\bin\msvcp140.dll
0x00007ffa9d930000 - 0x00007ffa9e457000 	C:\Program Files\Java\jdk-11.0.3\bin\server\jvm.dll
0x00007ffaddc40000 - 0x00007ffaddc48000 	C:\Windows\System32\PSAPI.DLL
0x00007ffad5780000 - 0x00007ffad5789000 	C:\Windows\SYSTEM32\WSOCK32.dll
0x00007ffad7850000 - 0x00007ffad7874000 	C:\Windows\SYSTEM32\WINMM.dll
0x00007ffaddbd0000 - 0x00007ffaddc3d000 	C:\Windows\System32\WS2_32.dll
0x00007ffad75a0000 - 0x00007ffad75cd000 	C:\Windows\SYSTEM32\winmmbase.dll
0x00007ffadae30000 - 0x00007ffadae7a000 	C:\Windows\System32\cfgmgr32.dll
0x00007ffada8e0000 - 0x00007ffada8f1000 	C:\Windows\System32\kernel.appcore.dll
0x00007ffac6ec0000 - 0x00007ffac6ed1000 	C:\Program Files\Java\jdk-11.0.3\bin\verify.dll
0x00007ffad9520000 - 0x00007ffad970d000 	C:\Windows\SYSTEM32\DBGHELP.DLL
0x00007ffac3a70000 - 0x00007ffac3a9a000 	C:\Windows\SYSTEM32\dbgcore.DLL
0x00007ffac27e0000 - 0x00007ffac2809000 	C:\Program Files\Java\jdk-11.0.3\bin\java.dll
0x00007ffac4950000 - 0x00007ffac4966000 	C:\Program Files\Java\jdk-11.0.3\bin\zip.dll
0x00007ffad4110000 - 0x00007ffad411a000 	C:\Program Files\Java\jdk-11.0.3\bin\jimage.dll

dbghelp: loaded successfully - version: 4.0.5 - missing functions: none
symbol engine: initialized successfully - sym options: 0x614 - pdb path: .;C:\Program Files\Java\jdk-11.0.3\bin;C:\Windows\SYSTEM32;C:\Windows\WinSxS\amd64_microsoft.windows.common-controls_6595b64144ccf1df_6.0.17763.615_none_05b4414a072024d4;C:\Program Files\Java\jdk-11.0.3\bin\server

VM Arguments:
java_command: Vista.Main
java_class_path (initial): D:\Users\Usuario\Documents\NetBeansProjects\Login\target\classes
Launcher Type: SUN_STANDARD

[Global flags]
     intx CICompilerCount                          = 4                                         {product} {ergonomic}
     uint ConcGCThreads                            = 2                                         {product} {ergonomic}
     uint G1ConcRefinementThreads                  = 8                                         {product} {ergonomic}
   size_t G1HeapRegionSize                         = 1048576                                   {product} {ergonomic}
    uintx GCDrainStackTargetSize                   = 64                                        {product} {ergonomic}
   size_t InitialHeapSize                          = 201326592                                 {product} {ergonomic}
   size_t MarkStackSize                            = 4194304                                   {product} {ergonomic}
   size_t MaxHeapSize                              = 3191865344                                {product} {ergonomic}
   size_t MinHeapDeltaBytes                        = 1048576                                   {product} {ergonomic}
    uintx NonNMethodCodeHeapSize                   = 5835340                                {pd product} {ergonomic}
    uintx NonProfiledCodeHeapSize                  = 122911450                              {pd product} {ergonomic}
    uintx ProfiledCodeHeapSize                     = 122911450                              {pd product} {ergonomic}
    uintx ReservedCodeCacheSize                    = 251658240                              {pd product} {ergonomic}
     bool SegmentedCodeCache                       = true                                      {product} {ergonomic}
     bool UseCompressedClassPointers               = true                                 {lp64_product} {ergonomic}
     bool UseCompressedOops                        = true                                 {lp64_product} {ergonomic}
     bool UseG1GC                                  = true                                      {product} {ergonomic}
     bool UseLargePagesIndividualAllocation        = false                                  {pd product} {ergonomic}

Logging:
Log output configuration:
 #0: stdout all=warning uptime,level,tags
 #1: stderr all=off uptime,level,tags

Environment Variables:
JAVA_HOME=C:\Program Files\Java\jdk-11.0.3
CLASSPATH=.;C:\Program Files (x86)\QuickTime\QTSystem\QTJava.zip
PATH=C:\Program Files (x86)\Intel\iCLS Client\;C:\Program Files\Intel\iCLS Client\;C:\Program Files (x86)\Common Files\Oracle\Java\javapath;C:\Windows\system32;C:\Windows;C:\Windows\System32\Wbem;C:\Windows\System32\WindowsPowerShell\v1.0\;C:\Windows\System32\OpenSSH\;C:\Program Files (x86)\NVIDIA Corporation\PhysX\Common;C:\Program Files\NVIDIA Corporation\NVIDIA NvDLISR;C:\Program Files (x86)\QuickTime\QTSystem\;C:\Program Files (x86)\Intel\Intel(R) Management Engine Components\DAL;C:\Program Files\Intel\Intel(R) Management Engine Components\DAL;C:\Program Files (x86)\Intel\Intel(R) Management Engine Components\IPT;C:\Program Files\Intel\Intel(R) Management Engine Components\IPT;C:\Program Files\MATLAB\R2019a\runtime\win64;C:\Program Files\MATLAB\R2019a\bin;C:\Program Files\Git\cmd;C:\Program Files\Git\mingw64\bin;C:\Program Files\Git\usr\bin;C:\Program Files\nodejs\;C:\Users\Usuario\AppData\Local\Programs\Python\Python37-32\Scripts\;C:\Users\Usuario\AppData\Local\Programs\Python\Python37-32\;C:\Users\Usuario\AppData\Local\Microsoft\WindowsApps;;C:\Users\Usuario\AppData\Local\Programs\Microsoft VS Code\bin;C:\Users\Usuario\AppData\Roaming\npm
USERNAME=Usuario
OS=Windows_NT
PROCESSOR_IDENTIFIER=Intel64 Family 6 Model 142 Stepping 10, GenuineIntel



---------------  S Y S T E M  ---------------

OS: Windows 10 , 64 bit Build 17763 (10.0.17763.475)

CPU:total 8 (initial active 8) (4 cores per cpu, 2 threads per core) family 6 model 142 stepping 10, cmov, cx8, fxsr, mmx, sse, sse2, sse3, ssse3, sse4.1, sse4.2, popcnt, avx, avx2, aes, clmul, erms, 3dnowpref, lzcnt, ht, tsc, tscinvbit, bmi1, bmi2, adx, fma

Memory: 4k page, system-wide physical 12171M (1277M free)
TotalPageFile size 12171M (AvailPageFile size 5M)
current process WorkingSet (physical memory assigned to process): 9M, peak: 9M
current process commit charge ("private bytes"): 57M, peak: 58M

vm_info: Java HotSpot(TM) 64-Bit Server VM (11.0.3+12-LTS) for windows-amd64 JRE (11.0.3+12-LTS), built on Apr  2 2019 12:43:09 by "mach5one" with MS VC++ 15.5 (VS2017)

END.
