#
# There is insufficient memory for the Java Runtime Environment to continue.
# Native memory allocation (malloc) failed to allocate 1199536 bytes for Chunk::new
# Possible reasons:
#   The system is out of physical RAM or swap space
#   The process is running with CompressedOops enabled, and the Java Heap may be blocking the growth of the native heap
# Possible solutions:
#   Reduce memory load on the system
#   Increase physical memory or swap space
#   Check if swap backing store is full
#   Decrease Java heap size (-Xmx/-Xms)
#   Decrease number of Java threads
#   Decrease Java thread stack sizes (-Xss)
#   Set larger code cache with -XX:ReservedCodeCacheSize=
#   JVM is running with Zero Based Compressed Oops mode in which the Java heap is
#     placed in the first 32GB address space. The Java Heap base address is the
#     maximum limit for the native heap growth. Please use -XX:HeapBaseMinAddress
#     to set the Java Heap base and to place the Java Heap above 32GB virtual address.
# This output file may be truncated or incomplete.
#
#  Out of Memory Error (t:/workspace/open/src/hotspot/share/memory/arena.cpp:197), pid=12728, tid=9712
#
# JRE version: Java(TM) SE Runtime Environment (11.0.3+12) (build 11.0.3+12-LTS)
# Java VM: Java HotSpot(TM) 64-Bit Server VM (11.0.3+12-LTS, mixed mode, tiered, compressed oops, g1 gc, windows-amd64)
# No core dump will be written. Minidumps are not enabled by default on client versions of Windows
#

---------------  S U M M A R Y ------------

Command Line: -Dclassworlds.conf=C:\Program Files\NetBeans 11\netbeans\java\maven\bin\m2.conf -Dmaven.home=C:\Program Files\NetBeans 11\netbeans\java\maven -Dmaven.multiModuleProjectDirectory=D:\Users\Usuario\Documents\NetBeansProjects\Login org.codehaus.plexus.classworlds.launcher.Launcher -Dexec.args=-classpath %classpath Vista.Main -Dexec.executable=C:\Program Files\Java\jdk-11.0.3\bin\java.exe -Dmaven.ext.class.path=C:\Program Files\NetBeans 11\netbeans\java\maven-nblib\netbeans-eventspy.jar -Dfile.encoding=UTF-8 process-classes org.codehaus.mojo:exec-maven-plugin:1.5.0:exec

Host: Intel(R) Core(TM) i7-8550U CPU @ 1.80GHz, 8 cores, 11G,  Windows 10 , 64 bit Build 17763 (10.0.17763.475)
Time: Thu Aug  8 18:08:08 2019 Hora est. Pacífico, Sudamérica elapsed time: 2 seconds (0d 0h 0m 2s)

---------------  T H R E A D  ---------------

Current thread (0x000001f07a459000):  JavaThread "C2 CompilerThread0" daemon [_thread_in_native, id=9712, stack(0x0000006ef4400000,0x0000006ef4500000)]


Current CompileTask:
C2:   2092 2695       4       org.eclipse.sisu.inject.LocatedBeans$Itr::hasNext (161 bytes)

Stack: [0x0000006ef4400000,0x0000006ef4500000]
Native frames: (J=compiled Java code, j=interpreted, Vv=VM code, C=native code)
V  [jvm.dll+0x63582a]
V  [jvm.dll+0x77360f]
V  [jvm.dll+0x774cba]
V  [jvm.dll+0x775373]
V  [jvm.dll+0x25e9c8]
V  [jvm.dll+0xc21d1]
V  [jvm.dll+0xc275c]
V  [jvm.dll+0x36daa2]
V  [jvm.dll+0x33ab03]
V  [jvm.dll+0x339eda]
V  [jvm.dll+0x218875]
V  [jvm.dll+0x217a1a]
V  [jvm.dll+0x194300]
V  [jvm.dll+0x2269df]
V  [jvm.dll+0x224fe8]
V  [jvm.dll+0x738aed]
V  [jvm.dll+0x6348c2]
C  [ucrtbase.dll+0x21ffa]
C  [KERNEL32.DLL+0x17974]
C  [ntdll.dll+0x6a271]


---------------  P R O C E S S  ---------------

Threads class SMR info:
_java_thread_list=0x000001f07ad70080, length=12, elements={
0x000001f056939800, 0x000001f07a3c2800, 0x000001f07a3e4000, 0x000001f07a454800,
0x000001f07a455800, 0x000001f07a459000, 0x000001f07a45a000, 0x000001f07a400800,
0x000001f07a5c6800, 0x000001f07a5b5800, 0x000001f07add3800, 0x000001f07ad03800
}

Java Threads: ( => current thread )
  0x000001f056939800 JavaThread "main" [_thread_in_native, id=3968, stack(0x0000006ef3900000,0x0000006ef3a00000)]
  0x000001f07a3c2800 JavaThread "Reference Handler" daemon [_thread_blocked, id=14848, stack(0x0000006ef4000000,0x0000006ef4100000)]
  0x000001f07a3e4000 JavaThread "Finalizer" daemon [_thread_blocked, id=3376, stack(0x0000006ef4100000,0x0000006ef4200000)]
  0x000001f07a454800 JavaThread "Signal Dispatcher" daemon [_thread_blocked, id=11644, stack(0x0000006ef4200000,0x0000006ef4300000)]
  0x000001f07a455800 JavaThread "Attach Listener" daemon [_thread_blocked, id=16240, stack(0x0000006ef4300000,0x0000006ef4400000)]
=>0x000001f07a459000 JavaThread "C2 CompilerThread0" daemon [_thread_in_native, id=9712, stack(0x0000006ef4400000,0x0000006ef4500000)]
  0x000001f07a45a000 JavaThread "C1 CompilerThread0" daemon [_thread_blocked, id=4216, stack(0x0000006ef4500000,0x0000006ef4600000)]
  0x000001f07a400800 JavaThread "Sweeper thread" daemon [_thread_blocked, id=9460, stack(0x0000006ef4600000,0x0000006ef4700000)]
  0x000001f07a5c6800 JavaThread "Service Thread" daemon [_thread_blocked, id=2840, stack(0x0000006ef4700000,0x0000006ef4800000)]
  0x000001f07a5b5800 JavaThread "Common-Cleaner" daemon [_thread_blocked, id=7064, stack(0x0000006ef4900000,0x0000006ef4a00000)]
  0x000001f07add3800 JavaThread "C2 CompilerThread1" daemon [_thread_blocked, id=12488, stack(0x0000006ef4a00000,0x0000006ef4b00000)]
  0x000001f07ad03800 JavaThread "C2 CompilerThread2" daemon [_thread_in_native, id=10276, stack(0x0000006ef4b00000,0x0000006ef4c00000)]

Other Threads:
  0x000001f07a3c0800 VMThread "VM Thread" [stack: 0x0000006ef3f00000,0x0000006ef4000000] [id=15200]
  0x000001f07a5b5000 WatcherThread [stack: 0x0000006ef4800000,0x0000006ef4900000] [id=14644]
  0x000001f05694f800 GCTaskThread "GC Thread#0" [stack: 0x0000006ef3a00000,0x0000006ef3b00000] [id=14844]
  0x000001f07baaf000 GCTaskThread "GC Thread#1" [stack: 0x0000006ef4c00000,0x0000006ef4d00000] [id=11016]
  0x000001f07b54f000 GCTaskThread "GC Thread#2" [stack: 0x0000006ef4d00000,0x0000006ef4e00000] [id=5384]
  0x000001f07bafd800 GCTaskThread "GC Thread#3" [stack: 0x0000006ef4e00000,0x0000006ef4f00000] [id=340]
  0x000001f056996000 ConcurrentGCThread "G1 Main Marker" [stack: 0x0000006ef3b00000,0x0000006ef3c00000] [id=15188]
  0x000001f056999800 ConcurrentGCThread "G1 Conc#0" [stack: 0x0000006ef3c00000,0x0000006ef3d00000] [id=8996]
  0x000001f07b839800 ConcurrentGCThread "G1 Conc#1" [stack: 0x0000006ef4f00000,0x0000006ef5000000] [id=600]
  0x000001f079a28800 ConcurrentGCThread "G1 Refine#0" [stack: 0x0000006ef3d00000,0x0000006ef3e00000] [id=15040]
  0x000001f079a29800 ConcurrentGCThread "G1 Young RemSet Sampling" [stack: 0x0000006ef3e00000,0x0000006ef3f00000] [id=11664]

Threads with active compile tasks:
C2 CompilerThread02695       4       org.eclipse.sisu.inject.LocatedBeans$Itr::hasNext (161 bytes)
C2 CompilerThread22706   !   4       org.apache.maven.model.interpolation.StringSearchModelInterpolator$InterpolateObjectAction$MapField::doInterpolate (162 bytes)

VM state:not at safepoint (normal execution)

VM Mutex/Monitor currently owned by a thread: None

Heap address: 0x0000000741c00000, size: 3044 MB, Compressed Oops mode: Zero based, Oop shift amount: 3
Narrow klass base: 0x0000000800000000, Narrow klass shift: 0
Compressed class space size: 1073741824 Address: 0x0000000800000000

Heap:
 garbage-first heap   total 196608K, used 10241K [0x0000000741c00000, 0x0000000800000000)
  region size 1024K, 11 young (11264K), 7 survivors (7168K)
 Metaspace       used 20854K, capacity 21269K, committed 21552K, reserved 1069056K
  class space    used 2261K, capacity 2389K, committed 2432K, reserved 1048576K
Heap Regions: E=young(eden), S=young(survivor), O=old, HS=humongous(starts), HC=humongous(continues), CS=collection set, F=free, A=archive, TAMS=top-at-mark-start (previous, next)
|   0|0x0000000741c00000, 0x0000000741c40a00, 0x0000000741d00000| 25%| O|  |TAMS 0x0000000741c40a00, 0x0000000741c00000| Untracked 
|   1|0x0000000741d00000, 0x0000000741d00000, 0x0000000741e00000|  0%| F|  |TAMS 0x0000000741d00000, 0x0000000741d00000| Untracked 
|   2|0x0000000741e00000, 0x0000000741e00000, 0x0000000741f00000|  0%| F|  |TAMS 0x0000000741e00000, 0x0000000741e00000| Untracked 
|   3|0x0000000741f00000, 0x0000000741f00000, 0x0000000742000000|  0%| F|  |TAMS 0x0000000741f00000, 0x0000000741f00000| Untracked 
|   4|0x0000000742000000, 0x0000000742000000, 0x0000000742100000|  0%| F|  |TAMS 0x0000000742000000, 0x0000000742000000| Untracked 
|   5|0x0000000742100000, 0x0000000742100000, 0x0000000742200000|  0%| F|  |TAMS 0x0000000742100000, 0x0000000742100000| Untracked 
|   6|0x0000000742200000, 0x0000000742200000, 0x0000000742300000|  0%| F|  |TAMS 0x0000000742200000, 0x0000000742200000| Untracked 
|   7|0x0000000742300000, 0x0000000742300000, 0x0000000742400000|  0%| F|  |TAMS 0x0000000742300000, 0x0000000742300000| Untracked 
|   8|0x0000000742400000, 0x0000000742400000, 0x0000000742500000|  0%| F|  |TAMS 0x0000000742400000, 0x0000000742400000| Untracked 
|   9|0x0000000742500000, 0x0000000742500000, 0x0000000742600000|  0%| F|  |TAMS 0x0000000742500000, 0x0000000742500000| Untracked 
|  10|0x0000000742600000, 0x0000000742600000, 0x0000000742700000|  0%| F|  |TAMS 0x0000000742600000, 0x0000000742600000| Untracked 
|  11|0x0000000742700000, 0x0000000742700000, 0x0000000742800000|  0%| F|  |TAMS 0x0000000742700000, 0x0000000742700000| Untracked 
|  12|0x0000000742800000, 0x0000000742800000, 0x0000000742900000|  0%| F|  |TAMS 0x0000000742800000, 0x0000000742800000| Untracked 
|  13|0x0000000742900000, 0x0000000742900000, 0x0000000742a00000|  0%| F|  |TAMS 0x0000000742900000, 0x0000000742900000| Untracked 
|  14|0x0000000742a00000, 0x0000000742a00000, 0x0000000742b00000|  0%| F|  |TAMS 0x0000000742a00000, 0x0000000742a00000| Untracked 
|  15|0x0000000742b00000, 0x0000000742b00000, 0x0000000742c00000|  0%| F|  |TAMS 0x0000000742b00000, 0x0000000742b00000| Untracked 
|  16|0x0000000742c00000, 0x0000000742c00000, 0x0000000742d00000|  0%| F|  |TAMS 0x0000000742c00000, 0x0000000742c00000| Untracked 
|  17|0x0000000742d00000, 0x0000000742d00000, 0x0000000742e00000|  0%| F|  |TAMS 0x0000000742d00000, 0x0000000742d00000| Untracked 
|  18|0x0000000742e00000, 0x0000000742e00000, 0x0000000742f00000|  0%| F|  |TAMS 0x0000000742e00000, 0x0000000742e00000| Untracked 
|  19|0x0000000742f00000, 0x0000000742f00000, 0x0000000743000000|  0%| F|  |TAMS 0x0000000742f00000, 0x0000000742f00000| Untracked 
|  20|0x0000000743000000, 0x0000000743000000, 0x0000000743100000|  0%| F|  |TAMS 0x0000000743000000, 0x0000000743000000| Untracked 
|  21|0x0000000743100000, 0x0000000743100000, 0x0000000743200000|  0%| F|  |TAMS 0x0000000743100000, 0x0000000743100000| Untracked 
|  22|0x0000000743200000, 0x0000000743200000, 0x0000000743300000|  0%| F|  |TAMS 0x0000000743200000, 0x0000000743200000| Untracked 
|  23|0x0000000743300000, 0x0000000743300000, 0x0000000743400000|  0%| F|  |TAMS 0x0000000743300000, 0x0000000743300000| Untracked 
|  24|0x0000000743400000, 0x0000000743400000, 0x0000000743500000|  0%| F|  |TAMS 0x0000000743400000, 0x0000000743400000| Untracked 
|  25|0x0000000743500000, 0x0000000743500000, 0x0000000743600000|  0%| F|  |TAMS 0x0000000743500000, 0x0000000743500000| Untracked 
|  26|0x0000000743600000, 0x0000000743600000, 0x0000000743700000|  0%| F|  |TAMS 0x0000000743600000, 0x0000000743600000| Untracked 
|  27|0x0000000743700000, 0x0000000743700000, 0x0000000743800000|  0%| F|  |TAMS 0x0000000743700000, 0x0000000743700000| Untracked 
|  28|0x0000000743800000, 0x0000000743800000, 0x0000000743900000|  0%| F|  |TAMS 0x0000000743800000, 0x0000000743800000| Untracked 
|  29|0x0000000743900000, 0x0000000743900000, 0x0000000743a00000|  0%| F|  |TAMS 0x0000000743900000, 0x0000000743900000| Untracked 
|  30|0x0000000743a00000, 0x0000000743a00000, 0x0000000743b00000|  0%| F|  |TAMS 0x0000000743a00000, 0x0000000743a00000| Untracked 
|  31|0x0000000743b00000, 0x0000000743b00000, 0x0000000743c00000|  0%| F|  |TAMS 0x0000000743b00000, 0x0000000743b00000| Untracked 
|  32|0x0000000743c00000, 0x0000000743c00000, 0x0000000743d00000|  0%| F|  |TAMS 0x0000000743c00000, 0x0000000743c00000| Untracked 
|  33|0x0000000743d00000, 0x0000000743d00000, 0x0000000743e00000|  0%| F|  |TAMS 0x0000000743d00000, 0x0000000743d00000| Untracked 
|  34|0x0000000743e00000, 0x0000000743e00000, 0x0000000743f00000|  0%| F|  |TAMS 0x0000000743e00000, 0x0000000743e00000| Untracked 
|  35|0x0000000743f00000, 0x0000000743f00000, 0x0000000744000000|  0%| F|  |TAMS 0x0000000743f00000, 0x0000000743f00000| Untracked 
|  36|0x0000000744000000, 0x0000000744000000, 0x0000000744100000|  0%| F|  |TAMS 0x0000000744000000, 0x0000000744000000| Untracked 
|  37|0x0000000744100000, 0x0000000744100000, 0x0000000744200000|  0%| F|  |TAMS 0x0000000744100000, 0x0000000744100000| Untracked 
|  38|0x0000000744200000, 0x0000000744200000, 0x0000000744300000|  0%| F|  |TAMS 0x0000000744200000, 0x0000000744200000| Untracked 
|  39|0x0000000744300000, 0x0000000744300000, 0x0000000744400000|  0%| F|  |TAMS 0x0000000744300000, 0x0000000744300000| Untracked 
|  40|0x0000000744400000, 0x0000000744400000, 0x0000000744500000|  0%| F|  |TAMS 0x0000000744400000, 0x0000000744400000| Untracked 
|  41|0x0000000744500000, 0x0000000744500000, 0x0000000744600000|  0%| F|  |TAMS 0x0000000744500000, 0x0000000744500000| Untracked 
|  42|0x0000000744600000, 0x0000000744600000, 0x0000000744700000|  0%| F|  |TAMS 0x0000000744600000, 0x0000000744600000| Untracked 
|  43|0x0000000744700000, 0x0000000744700000, 0x0000000744800000|  0%| F|  |TAMS 0x0000000744700000, 0x0000000744700000| Untracked 
|  44|0x0000000744800000, 0x0000000744800000, 0x0000000744900000|  0%| F|  |TAMS 0x0000000744800000, 0x0000000744800000| Untracked 
|  45|0x0000000744900000, 0x0000000744900000, 0x0000000744a00000|  0%| F|  |TAMS 0x0000000744900000, 0x0000000744900000| Untracked 
|  46|0x0000000744a00000, 0x0000000744a00000, 0x0000000744b00000|  0%| F|  |TAMS 0x0000000744a00000, 0x0000000744a00000| Untracked 
|  47|0x0000000744b00000, 0x0000000744b00000, 0x0000000744c00000|  0%| F|  |TAMS 0x0000000744b00000, 0x0000000744b00000| Untracked 
|  48|0x0000000744c00000, 0x0000000744c00000, 0x0000000744d00000|  0%| F|  |TAMS 0x0000000744c00000, 0x0000000744c00000| Untracked 
|  49|0x0000000744d00000, 0x0000000744d00000, 0x0000000744e00000|  0%| F|  |TAMS 0x0000000744d00000, 0x0000000744d00000| Untracked 
|  50|0x0000000744e00000, 0x0000000744e00000, 0x0000000744f00000|  0%| F|  |TAMS 0x0000000744e00000, 0x0000000744e00000| Untracked 
|  51|0x0000000744f00000, 0x0000000744f00000, 0x0000000745000000|  0%| F|  |TAMS 0x0000000744f00000, 0x0000000744f00000| Untracked 
|  52|0x0000000745000000, 0x0000000745000000, 0x0000000745100000|  0%| F|  |TAMS 0x0000000745000000, 0x0000000745000000| Untracked 
|  53|0x0000000745100000, 0x0000000745100000, 0x0000000745200000|  0%| F|  |TAMS 0x0000000745100000, 0x0000000745100000| Untracked 
|  54|0x0000000745200000, 0x0000000745200000, 0x0000000745300000|  0%| F|  |TAMS 0x0000000745200000, 0x0000000745200000| Untracked 
|  55|0x0000000745300000, 0x0000000745300000, 0x0000000745400000|  0%| F|  |TAMS 0x0000000745300000, 0x0000000745300000| Untracked 
|  56|0x0000000745400000, 0x0000000745400000, 0x0000000745500000|  0%| F|  |TAMS 0x0000000745400000, 0x0000000745400000| Untracked 
|  57|0x0000000745500000, 0x0000000745500000, 0x0000000745600000|  0%| F|  |TAMS 0x0000000745500000, 0x0000000745500000| Untracked 
|  58|0x0000000745600000, 0x0000000745600000, 0x0000000745700000|  0%| F|  |TAMS 0x0000000745600000, 0x0000000745600000| Untracked 
|  59|0x0000000745700000, 0x0000000745700000, 0x0000000745800000|  0%| F|  |TAMS 0x0000000745700000, 0x0000000745700000| Untracked 
|  60|0x0000000745800000, 0x0000000745800000, 0x0000000745900000|  0%| F|  |TAMS 0x0000000745800000, 0x0000000745800000| Untracked 
|  61|0x0000000745900000, 0x0000000745900000, 0x0000000745a00000|  0%| F|  |TAMS 0x0000000745900000, 0x0000000745900000| Untracked 
|  62|0x0000000745a00000, 0x0000000745a00000, 0x0000000745b00000|  0%| F|  |TAMS 0x0000000745a00000, 0x0000000745a00000| Untracked 
|  63|0x0000000745b00000, 0x0000000745b00000, 0x0000000745c00000|  0%| F|  |TAMS 0x0000000745b00000, 0x0000000745b00000| Untracked 
|  64|0x0000000745c00000, 0x0000000745c00000, 0x0000000745d00000|  0%| F|  |TAMS 0x0000000745c00000, 0x0000000745c00000| Untracked 
|  65|0x0000000745d00000, 0x0000000745d00000, 0x0000000745e00000|  0%| F|  |TAMS 0x0000000745d00000, 0x0000000745d00000| Untracked 
|  66|0x0000000745e00000, 0x0000000745e00000, 0x0000000745f00000|  0%| F|  |TAMS 0x0000000745e00000, 0x0000000745e00000| Untracked 
|  67|0x0000000745f00000, 0x0000000745f00000, 0x0000000746000000|  0%| F|  |TAMS 0x0000000745f00000, 0x0000000745f00000| Untracked 
|  68|0x0000000746000000, 0x0000000746000000, 0x0000000746100000|  0%| F|  |TAMS 0x0000000746000000, 0x0000000746000000| Untracked 
|  69|0x0000000746100000, 0x0000000746100000, 0x0000000746200000|  0%| F|  |TAMS 0x0000000746100000, 0x0000000746100000| Untracked 
|  70|0x0000000746200000, 0x0000000746200000, 0x0000000746300000|  0%| F|  |TAMS 0x0000000746200000, 0x0000000746200000| Untracked 
|  71|0x0000000746300000, 0x0000000746300000, 0x0000000746400000|  0%| F|  |TAMS 0x0000000746300000, 0x0000000746300000| Untracked 
|  72|0x0000000746400000, 0x0000000746400000, 0x0000000746500000|  0%| F|  |TAMS 0x0000000746400000, 0x0000000746400000| Untracked 
|  73|0x0000000746500000, 0x0000000746500000, 0x0000000746600000|  0%| F|  |TAMS 0x0000000746500000, 0x0000000746500000| Untracked 
|  74|0x0000000746600000, 0x0000000746600000, 0x0000000746700000|  0%| F|  |TAMS 0x0000000746600000, 0x0000000746600000| Untracked 
|  75|0x0000000746700000, 0x0000000746700000, 0x0000000746800000|  0%| F|  |TAMS 0x0000000746700000, 0x0000000746700000| Untracked 
|  76|0x0000000746800000, 0x0000000746800000, 0x0000000746900000|  0%| F|  |TAMS 0x0000000746800000, 0x0000000746800000| Untracked 
|  77|0x0000000746900000, 0x0000000746900000, 0x0000000746a00000|  0%| F|  |TAMS 0x0000000746900000, 0x0000000746900000| Untracked 
|  78|0x0000000746a00000, 0x0000000746a00000, 0x0000000746b00000|  0%| F|  |TAMS 0x0000000746a00000, 0x0000000746a00000| Untracked 
|  79|0x0000000746b00000, 0x0000000746b00000, 0x0000000746c00000|  0%| F|  |TAMS 0x0000000746b00000, 0x0000000746b00000| Untracked 
|  80|0x0000000746c00000, 0x0000000746c00000, 0x0000000746d00000|  0%| F|  |TAMS 0x0000000746c00000, 0x0000000746c00000| Untracked 
|  81|0x0000000746d00000, 0x0000000746d00000, 0x0000000746e00000|  0%| F|  |TAMS 0x0000000746d00000, 0x0000000746d00000| Untracked 
|  82|0x0000000746e00000, 0x0000000746e00000, 0x0000000746f00000|  0%| F|  |TAMS 0x0000000746e00000, 0x0000000746e00000| Untracked 
|  83|0x0000000746f00000, 0x0000000746f00000, 0x0000000747000000|  0%| F|  |TAMS 0x0000000746f00000, 0x0000000746f00000| Untracked 
|  84|0x0000000747000000, 0x0000000747000000, 0x0000000747100000|  0%| F|  |TAMS 0x0000000747000000, 0x0000000747000000| Untracked 
|  85|0x0000000747100000, 0x0000000747100000, 0x0000000747200000|  0%| F|  |TAMS 0x0000000747100000, 0x0000000747100000| Untracked 
|  86|0x0000000747200000, 0x0000000747200000, 0x0000000747300000|  0%| F|  |TAMS 0x0000000747200000, 0x0000000747200000| Untracked 
|  87|0x0000000747300000, 0x0000000747300000, 0x0000000747400000|  0%| F|  |TAMS 0x0000000747300000, 0x0000000747300000| Untracked 
|  88|0x0000000747400000, 0x0000000747400000, 0x0000000747500000|  0%| F|  |TAMS 0x0000000747400000, 0x0000000747400000| Untracked 
|  89|0x0000000747500000, 0x0000000747500000, 0x0000000747600000|  0%| F|  |TAMS 0x0000000747500000, 0x0000000747500000| Untracked 
|  90|0x0000000747600000, 0x0000000747600000, 0x0000000747700000|  0%| F|  |TAMS 0x0000000747600000, 0x0000000747600000| Untracked 
|  91|0x0000000747700000, 0x0000000747700000, 0x0000000747800000|  0%| F|  |TAMS 0x0000000747700000, 0x0000000747700000| Untracked 
|  92|0x0000000747800000, 0x0000000747800000, 0x0000000747900000|  0%| F|  |TAMS 0x0000000747800000, 0x0000000747800000| Untracked 
|  93|0x0000000747900000, 0x0000000747900000, 0x0000000747a00000|  0%| F|  |TAMS 0x0000000747900000, 0x0000000747900000| Untracked 
|  94|0x0000000747a00000, 0x0000000747a00000, 0x0000000747b00000|  0%| F|  |TAMS 0x0000000747a00000, 0x0000000747a00000| Untracked 
|  95|0x0000000747b00000, 0x0000000747b00000, 0x0000000747c00000|  0%| F|  |TAMS 0x0000000747b00000, 0x0000000747b00000| Untracked 
|  96|0x0000000747c00000, 0x0000000747c00000, 0x0000000747d00000|  0%| F|  |TAMS 0x0000000747c00000, 0x0000000747c00000| Untracked 
|  97|0x0000000747d00000, 0x0000000747d00000, 0x0000000747e00000|  0%| F|  |TAMS 0x0000000747d00000, 0x0000000747d00000| Untracked 
|  98|0x0000000747e00000, 0x0000000747e00000, 0x0000000747f00000|  0%| F|  |TAMS 0x0000000747e00000, 0x0000000747e00000| Untracked 
|  99|0x0000000747f00000, 0x0000000747f00000, 0x0000000748000000|  0%| F|  |TAMS 0x0000000747f00000, 0x0000000747f00000| Untracked 
| 100|0x0000000748000000, 0x0000000748000000, 0x0000000748100000|  0%| F|  |TAMS 0x0000000748000000, 0x0000000748000000| Untracked 
| 101|0x0000000748100000, 0x0000000748100000, 0x0000000748200000|  0%| F|  |TAMS 0x0000000748100000, 0x0000000748100000| Untracked 
| 102|0x0000000748200000, 0x0000000748200000, 0x0000000748300000|  0%| F|  |TAMS 0x0000000748200000, 0x0000000748200000| Untracked 
| 103|0x0000000748300000, 0x0000000748300000, 0x0000000748400000|  0%| F|  |TAMS 0x0000000748300000, 0x0000000748300000| Untracked 
| 104|0x0000000748400000, 0x0000000748400000, 0x0000000748500000|  0%| F|  |TAMS 0x0000000748400000, 0x0000000748400000| Untracked 
| 105|0x0000000748500000, 0x0000000748500000, 0x0000000748600000|  0%| F|  |TAMS 0x0000000748500000, 0x0000000748500000| Untracked 
| 106|0x0000000748600000, 0x0000000748600000, 0x0000000748700000|  0%| F|  |TAMS 0x0000000748600000, 0x0000000748600000| Untracked 
| 107|0x0000000748700000, 0x0000000748700000, 0x0000000748800000|  0%| F|  |TAMS 0x0000000748700000, 0x0000000748700000| Untracked 
| 108|0x0000000748800000, 0x0000000748800000, 0x0000000748900000|  0%| F|  |TAMS 0x0000000748800000, 0x0000000748800000| Untracked 
| 109|0x0000000748900000, 0x0000000748900000, 0x0000000748a00000|  0%| F|  |TAMS 0x0000000748900000, 0x0000000748900000| Untracked 
| 110|0x0000000748a00000, 0x0000000748a00000, 0x0000000748b00000|  0%| F|  |TAMS 0x0000000748a00000, 0x0000000748a00000| Untracked 
| 111|0x0000000748b00000, 0x0000000748b00000, 0x0000000748c00000|  0%| F|  |TAMS 0x0000000748b00000, 0x0000000748b00000| Untracked 
| 112|0x0000000748c00000, 0x0000000748c00000, 0x0000000748d00000|  0%| F|  |TAMS 0x0000000748c00000, 0x0000000748c00000| Untracked 
| 113|0x0000000748d00000, 0x0000000748d00000, 0x0000000748e00000|  0%| F|  |TAMS 0x0000000748d00000, 0x0000000748d00000| Untracked 
| 114|0x0000000748e00000, 0x0000000748e00000, 0x0000000748f00000|  0%| F|  |TAMS 0x0000000748e00000, 0x0000000748e00000| Untracked 
| 115|0x0000000748f00000, 0x0000000748f00000, 0x0000000749000000|  0%| F|  |TAMS 0x0000000748f00000, 0x0000000748f00000| Untracked 
| 116|0x0000000749000000, 0x0000000749000000, 0x0000000749100000|  0%| F|  |TAMS 0x0000000749000000, 0x0000000749000000| Untracked 
| 117|0x0000000749100000, 0x0000000749100000, 0x0000000749200000|  0%| F|  |TAMS 0x0000000749100000, 0x0000000749100000| Untracked 
| 118|0x0000000749200000, 0x00000007492bfbf0, 0x0000000749300000| 74%| S|CS|TAMS 0x0000000749200000, 0x0000000749200000| Complete 
| 119|0x0000000749300000, 0x0000000749400000, 0x0000000749400000|100%| S|CS|TAMS 0x0000000749300000, 0x0000000749300000| Complete 
| 120|0x0000000749400000, 0x0000000749500000, 0x0000000749500000|100%| S|CS|TAMS 0x0000000749400000, 0x0000000749400000| Complete 
| 121|0x0000000749500000, 0x0000000749600000, 0x0000000749600000|100%| S|CS|TAMS 0x0000000749500000, 0x0000000749500000| Complete 
| 122|0x0000000749600000, 0x0000000749700000, 0x0000000749700000|100%| S|CS|TAMS 0x0000000749600000, 0x0000000749600000| Complete 
| 123|0x0000000749700000, 0x0000000749800000, 0x0000000749800000|100%| S|CS|TAMS 0x0000000749700000, 0x0000000749700000| Complete 
| 124|0x0000000749800000, 0x0000000749900000, 0x0000000749900000|100%| S|CS|TAMS 0x0000000749800000, 0x0000000749800000| Complete 
| 125|0x0000000749900000, 0x0000000749900000, 0x0000000749a00000|  0%| F|  |TAMS 0x0000000749900000, 0x0000000749900000| Untracked 
| 126|0x0000000749a00000, 0x0000000749a00000, 0x0000000749b00000|  0%| F|  |TAMS 0x0000000749a00000, 0x0000000749a00000| Untracked 
| 127|0x0000000749b00000, 0x0000000749b00000, 0x0000000749c00000|  0%| F|  |TAMS 0x0000000749b00000, 0x0000000749b00000| Untracked 
| 128|0x0000000749c00000, 0x0000000749c00000, 0x0000000749d00000|  0%| F|  |TAMS 0x0000000749c00000, 0x0000000749c00000| Untracked 
| 129|0x0000000749d00000, 0x0000000749d00000, 0x0000000749e00000|  0%| F|  |TAMS 0x0000000749d00000, 0x0000000749d00000| Untracked 
| 130|0x0000000749e00000, 0x0000000749e00000, 0x0000000749f00000|  0%| F|  |TAMS 0x0000000749e00000, 0x0000000749e00000| Untracked 
| 131|0x0000000749f00000, 0x0000000749f00000, 0x000000074a000000|  0%| F|  |TAMS 0x0000000749f00000, 0x0000000749f00000| Untracked 
| 132|0x000000074a000000, 0x000000074a000000, 0x000000074a100000|  0%| F|  |TAMS 0x000000074a000000, 0x000000074a000000| Untracked 
| 133|0x000000074a100000, 0x000000074a100000, 0x000000074a200000|  0%| F|  |TAMS 0x000000074a100000, 0x000000074a100000| Untracked 
| 134|0x000000074a200000, 0x000000074a200000, 0x000000074a300000|  0%| F|  |TAMS 0x000000074a200000, 0x000000074a200000| Untracked 
| 135|0x000000074a300000, 0x000000074a300000, 0x000000074a400000|  0%| F|  |TAMS 0x000000074a300000, 0x000000074a300000| Untracked 
| 136|0x000000074a400000, 0x000000074a400000, 0x000000074a500000|  0%| F|  |TAMS 0x000000074a400000, 0x000000074a400000| Untracked 
| 137|0x000000074a500000, 0x000000074a500000, 0x000000074a600000|  0%| F|  |TAMS 0x000000074a500000, 0x000000074a500000| Untracked 
| 138|0x000000074a600000, 0x000000074a600000, 0x000000074a700000|  0%| F|  |TAMS 0x000000074a600000, 0x000000074a600000| Untracked 
| 139|0x000000074a700000, 0x000000074a700000, 0x000000074a800000|  0%| F|  |TAMS 0x000000074a700000, 0x000000074a700000| Untracked 
| 140|0x000000074a800000, 0x000000074a800000, 0x000000074a900000|  0%| F|  |TAMS 0x000000074a800000, 0x000000074a800000| Untracked 
| 141|0x000000074a900000, 0x000000074a900000, 0x000000074aa00000|  0%| F|  |TAMS 0x000000074a900000, 0x000000074a900000| Untracked 
| 142|0x000000074aa00000, 0x000000074aa00000, 0x000000074ab00000|  0%| F|  |TAMS 0x000000074aa00000, 0x000000074aa00000| Untracked 
| 143|0x000000074ab00000, 0x000000074ab00000, 0x000000074ac00000|  0%| F|  |TAMS 0x000000074ab00000, 0x000000074ab00000| Untracked 
| 144|0x000000074ac00000, 0x000000074ac00000, 0x000000074ad00000|  0%| F|  |TAMS 0x000000074ac00000, 0x000000074ac00000| Untracked 
| 145|0x000000074ad00000, 0x000000074ad00000, 0x000000074ae00000|  0%| F|  |TAMS 0x000000074ad00000, 0x000000074ad00000| Untracked 
| 146|0x000000074ae00000, 0x000000074ae00000, 0x000000074af00000|  0%| F|  |TAMS 0x000000074ae00000, 0x000000074ae00000| Untracked 
| 147|0x000000074af00000, 0x000000074af00000, 0x000000074b000000|  0%| F|  |TAMS 0x000000074af00000, 0x000000074af00000| Untracked 
| 148|0x000000074b000000, 0x000000074b000000, 0x000000074b100000|  0%| F|  |TAMS 0x000000074b000000, 0x000000074b000000| Untracked 
| 149|0x000000074b100000, 0x000000074b100000, 0x000000074b200000|  0%| F|  |TAMS 0x000000074b100000, 0x000000074b100000| Untracked 
| 150|0x000000074b200000, 0x000000074b200000, 0x000000074b300000|  0%| F|  |TAMS 0x000000074b200000, 0x000000074b200000| Untracked 
| 151|0x000000074b300000, 0x000000074b300000, 0x000000074b400000|  0%| F|  |TAMS 0x000000074b300000, 0x000000074b300000| Untracked 
| 152|0x000000074b400000, 0x000000074b400000, 0x000000074b500000|  0%| F|  |TAMS 0x000000074b400000, 0x000000074b400000| Untracked 
| 153|0x000000074b500000, 0x000000074b500000, 0x000000074b600000|  0%| F|  |TAMS 0x000000074b500000, 0x000000074b500000| Untracked 
| 154|0x000000074b600000, 0x000000074b600000, 0x000000074b700000|  0%| F|  |TAMS 0x000000074b600000, 0x000000074b600000| Untracked 
| 155|0x000000074b700000, 0x000000074b700000, 0x000000074b800000|  0%| F|  |TAMS 0x000000074b700000, 0x000000074b700000| Untracked 
| 156|0x000000074b800000, 0x000000074b800000, 0x000000074b900000|  0%| F|  |TAMS 0x000000074b800000, 0x000000074b800000| Untracked 
| 157|0x000000074b900000, 0x000000074b900000, 0x000000074ba00000|  0%| F|  |TAMS 0x000000074b900000, 0x000000074b900000| Untracked 
| 158|0x000000074ba00000, 0x000000074ba00000, 0x000000074bb00000|  0%| F|  |TAMS 0x000000074ba00000, 0x000000074ba00000| Untracked 
| 159|0x000000074bb00000, 0x000000074bb00000, 0x000000074bc00000|  0%| F|  |TAMS 0x000000074bb00000, 0x000000074bb00000| Untracked 
| 160|0x000000074bc00000, 0x000000074bc00000, 0x000000074bd00000|  0%| F|  |TAMS 0x000000074bc00000, 0x000000074bc00000| Untracked 
| 161|0x000000074bd00000, 0x000000074bd00000, 0x000000074be00000|  0%| F|  |TAMS 0x000000074bd00000, 0x000000074bd00000| Untracked 
| 162|0x000000074be00000, 0x000000074be00000, 0x000000074bf00000|  0%| F|  |TAMS 0x000000074be00000, 0x000000074be00000| Untracked 
| 163|0x000000074bf00000, 0x000000074bf00000, 0x000000074c000000|  0%| F|  |TAMS 0x000000074bf00000, 0x000000074bf00000| Untracked 
| 164|0x000000074c000000, 0x000000074c000000, 0x000000074c100000|  0%| F|  |TAMS 0x000000074c000000, 0x000000074c000000| Untracked 
| 165|0x000000074c100000, 0x000000074c100000, 0x000000074c200000|  0%| F|  |TAMS 0x000000074c100000, 0x000000074c100000| Untracked 
| 166|0x000000074c200000, 0x000000074c200000, 0x000000074c300000|  0%| F|  |TAMS 0x000000074c200000, 0x000000074c200000| Untracked 
| 167|0x000000074c300000, 0x000000074c300000, 0x000000074c400000|  0%| F|  |TAMS 0x000000074c300000, 0x000000074c300000| Untracked 
| 168|0x000000074c400000, 0x000000074c400000, 0x000000074c500000|  0%| F|  |TAMS 0x000000074c400000, 0x000000074c400000| Untracked 
| 169|0x000000074c500000, 0x000000074c500000, 0x000000074c600000|  0%| F|  |TAMS 0x000000074c500000, 0x000000074c500000| Untracked 
| 170|0x000000074c600000, 0x000000074c600000, 0x000000074c700000|  0%| F|  |TAMS 0x000000074c600000, 0x000000074c600000| Untracked 
| 171|0x000000074c700000, 0x000000074c700000, 0x000000074c800000|  0%| F|  |TAMS 0x000000074c700000, 0x000000074c700000| Untracked 
| 172|0x000000074c800000, 0x000000074c800000, 0x000000074c900000|  0%| F|  |TAMS 0x000000074c800000, 0x000000074c800000| Untracked 
| 173|0x000000074c900000, 0x000000074c900000, 0x000000074ca00000|  0%| F|  |TAMS 0x000000074c900000, 0x000000074c900000| Untracked 
| 174|0x000000074ca00000, 0x000000074ca00000, 0x000000074cb00000|  0%| F|  |TAMS 0x000000074ca00000, 0x000000074ca00000| Untracked 
| 175|0x000000074cb00000, 0x000000074cb00000, 0x000000074cc00000|  0%| F|  |TAMS 0x000000074cb00000, 0x000000074cb00000| Untracked 
| 176|0x000000074cc00000, 0x000000074cc00000, 0x000000074cd00000|  0%| F|  |TAMS 0x000000074cc00000, 0x000000074cc00000| Untracked 
| 177|0x000000074cd00000, 0x000000074cd00000, 0x000000074ce00000|  0%| F|  |TAMS 0x000000074cd00000, 0x000000074cd00000| Untracked 
| 178|0x000000074ce00000, 0x000000074ce00000, 0x000000074cf00000|  0%| F|  |TAMS 0x000000074ce00000, 0x000000074ce00000| Untracked 
| 179|0x000000074cf00000, 0x000000074cf00000, 0x000000074d000000|  0%| F|  |TAMS 0x000000074cf00000, 0x000000074cf00000| Untracked 
| 180|0x000000074d000000, 0x000000074d000000, 0x000000074d100000|  0%| F|  |TAMS 0x000000074d000000, 0x000000074d000000| Untracked 
| 181|0x000000074d100000, 0x000000074d100000, 0x000000074d200000|  0%| F|  |TAMS 0x000000074d100000, 0x000000074d100000| Untracked 
| 182|0x000000074d200000, 0x000000074d200000, 0x000000074d300000|  0%| F|  |TAMS 0x000000074d200000, 0x000000074d200000| Untracked 
| 183|0x000000074d300000, 0x000000074d300000, 0x000000074d400000|  0%| F|  |TAMS 0x000000074d300000, 0x000000074d300000| Untracked 
| 184|0x000000074d400000, 0x000000074d400000, 0x000000074d500000|  0%| F|  |TAMS 0x000000074d400000, 0x000000074d400000| Untracked 
| 185|0x000000074d500000, 0x000000074d500000, 0x000000074d600000|  0%| F|  |TAMS 0x000000074d500000, 0x000000074d500000| Untracked 
| 186|0x000000074d600000, 0x000000074d600000, 0x000000074d700000|  0%| F|  |TAMS 0x000000074d600000, 0x000000074d600000| Untracked 
| 187|0x000000074d700000, 0x000000074d700000, 0x000000074d800000|  0%| F|  |TAMS 0x000000074d700000, 0x000000074d700000| Untracked 
| 188|0x000000074d800000, 0x000000074d900000, 0x000000074d900000|100%| E|  |TAMS 0x000000074d800000, 0x000000074d800000| Complete 
| 189|0x000000074d900000, 0x000000074da00000, 0x000000074da00000|100%| E|CS|TAMS 0x000000074d900000, 0x000000074d900000| Complete 
| 190|0x000000074da00000, 0x000000074db00000, 0x000000074db00000|100%| E|CS|TAMS 0x000000074da00000, 0x000000074da00000| Complete 
| 191|0x000000074db00000, 0x000000074dc00000, 0x000000074dc00000|100%| E|CS|TAMS 0x000000074db00000, 0x000000074db00000| Complete 

Card table byte_map: [0x000001f070500000,0x000001f070b00000] _byte_map_base: 0x000001f06caf2000

Marking Bits (Prev, Next): (CMBitMap*) 0x000001f056989700, (CMBitMap*) 0x000001f0569896c8
 Prev Bits: [0x000001f074090000, 0x000001f077020000)
 Next Bits: [0x000001f071100000, 0x000001f074090000)

Polling page: 0x000001f0567a0000

Metaspace:

Usage:
  Non-class:     18.44 MB capacity,    18.16 MB ( 98%) used,   262.95 KB (  1%) free+waste,    23.31 KB ( <1%) overhead. 
      Class:      2.33 MB capacity,     2.21 MB ( 95%) used,   117.83 KB (  5%) free+waste,     9.50 KB ( <1%) overhead. 
       Both:     20.77 MB capacity,    20.37 MB ( 98%) used,   380.77 KB (  2%) free+waste,    32.81 KB ( <1%) overhead. 

Virtual space:
  Non-class space:       20.00 MB reserved,      18.67 MB ( 93%) committed 
      Class space:        1.00 GB reserved,       2.38 MB ( <1%) committed 
             Both:        1.02 GB reserved,      21.05 MB (  2%) committed 

Chunk freelists:
   Non-Class:  0 bytes
       Class:  1.38 KB
        Both:  1.38 KB

CodeHeap 'non-profiled nmethods': size=120000Kb used=1273Kb max_used=1273Kb free=118726Kb
 bounds [0x000001f067f50000, 0x000001f0681c0000, 0x000001f06f480000]
CodeHeap 'profiled nmethods': size=120000Kb used=5784Kb max_used=5784Kb free=114215Kb
 bounds [0x000001f060a20000, 0x000001f060fd0000, 0x000001f067f50000]
CodeHeap 'non-nmethods': size=5760Kb used=1112Kb max_used=1141Kb free=4647Kb
 bounds [0x000001f060480000, 0x000001f0606f0000, 0x000001f060a20000]
 total_blobs=3786 nmethods=2741 adapters=325
 compilation: enabled
              stopped_count=0, restarted_count=0
 full_count=0

Compilation events (10 events):
Event: 2.054 Thread 0x000001f07a45a000 2709       3       java.util.ArrayList::indexOf (11 bytes)
Event: 2.054 Thread 0x000001f07a45a000 nmethod 2709 0x000001f060fbf090 code [0x000001f060fbf240, 0x000001f060fbf470]
Event: 2.056 Thread 0x000001f07ad03800 nmethod 2705 0x000001f068087610 code [0x000001f0680877c0, 0x000001f068087c78]
Event: 2.056 Thread 0x000001f07ad03800 2706   !   4       org.apache.maven.model.interpolation.StringSearchModelInterpolator$InterpolateObjectAction$MapField::doInterpolate (162 bytes)
Event: 2.065 Thread 0x000001f07add3800 nmethod 2704 0x000001f068087e90 code [0x000001f068088080, 0x000001f068088e68]
Event: 2.071 Thread 0x000001f07a45a000 2710       3       org.apache.maven.model.Dependency::<init> (11 bytes)
Event: 2.072 Thread 0x000001f07a45a000 nmethod 2710 0x000001f060fbf510 code [0x000001f060fbf6c0, 0x000001f060fbf8f8]
Event: 2.072 Thread 0x000001f07a45a000 2712       3       java.util.Collections$SynchronizedCollection::<init> (24 bytes)
Event: 2.072 Thread 0x000001f07a45a000 nmethod 2712 0x000001f060fbf990 code [0x000001f060fbfba0, 0x000001f060fc0220]
Event: 2.072 Thread 0x000001f07a45a000 2713       3       java.util.Properties::entrySet (19 bytes)

GC Heap History (4 events):
Event: 0.424 GC heap before
{Heap before GC invocations=0 (full 0):
 garbage-first heap   total 196608K, used 23552K [0x0000000741c00000, 0x0000000800000000)
  region size 1024K, 24 young (24576K), 0 survivors (0K)
 Metaspace       used 12211K, capacity 12408K, committed 12672K, reserved 1060864K
  class space    used 1262K, capacity 1349K, committed 1408K, reserved 1048576K
}
Event: 0.427 GC heap after
{Heap after GC invocations=1 (full 0):
 garbage-first heap   total 196608K, used 3330K [0x0000000741c00000, 0x0000000800000000)
  region size 1024K, 3 young (3072K), 3 survivors (3072K)
 Metaspace       used 12211K, capacity 12408K, committed 12672K, reserved 1060864K
  class space    used 1262K, capacity 1349K, committed 1408K, reserved 1048576K
}
Event: 1.932 GC heap before
{Heap before GC invocations=1 (full 0):
 garbage-first heap   total 196608K, used 67842K [0x0000000741c00000, 0x0000000800000000)
  region size 1024K, 67 young (68608K), 3 survivors (3072K)
 Metaspace       used 20808K, capacity 21205K, committed 21296K, reserved 1069056K
  class space    used 2253K, capacity 2389K, committed 2432K, reserved 1048576K
}
Event: 1.939 GC heap after
{Heap after GC invocations=2 (full 0):
 garbage-first heap   total 196608K, used 7169K [0x0000000741c00000, 0x0000000800000000)
  region size 1024K, 7 young (7168K), 7 survivors (7168K)
 Metaspace       used 20808K, capacity 21205K, committed 21296K, reserved 1069056K
  class space    used 2253K, capacity 2389K, committed 2432K, reserved 1048576K
}

Deoptimization events (10 events):
Event: 1.090 Thread 0x000001f056939800 Uncommon trap: reason=unstable_if action=reinterpret pc=0x000001f06801b2fc method=org.codehaus.plexus.util.xml.pull.MXParser.nextImpl()I @ 924 c2
Event: 1.139 Thread 0x000001f056939800 Uncommon trap: reason=unstable_if action=reinterpret pc=0x000001f067fc3fdc method=java.util.HashMap.hash(Ljava/lang/Object;)I @ 1 c2
Event: 1.820 Thread 0x000001f056939800 Uncommon trap: reason=unstable_if action=reinterpret pc=0x000001f068035f1c method=org.codehaus.plexus.util.xml.pull.MXParser.nextImpl()I @ 972 c2
Event: 1.885 Thread 0x000001f056939800 Uncommon trap: reason=intrinsic_or_type_checked_inlining action=make_not_entrant pc=0x000001f068045d70 method=java.util.Arrays.copyOf([Ljava/lang/Object;ILjava/lang/Class;)[Ljava/lang/Object; @ 35 c2
Event: 1.910 Thread 0x000001f056939800 Uncommon trap: reason=bimorphic_or_optimized_type_check action=maybe_recompile pc=0x000001f0680719ec method=java.util.regex.Pattern$BmpCharProperty.match(Ljava/util/regex/Matcher;ILjava/lang/CharSequence;)Z @ 19 c2
Event: 1.910 Thread 0x000001f056939800 Uncommon trap: reason=bimorphic_or_optimized_type_check action=maybe_recompile pc=0x000001f0680719ec method=java.util.regex.Pattern$BmpCharProperty.match(Ljava/util/regex/Matcher;ILjava/lang/CharSequence;)Z @ 19 c2
Event: 1.949 Thread 0x000001f056939800 Uncommon trap: reason=profile_predicate action=maybe_recompile pc=0x000001f068075008 method=java.util.regex.Pattern$CharPropertyGreedy.match(Ljava/util/regex/Matcher;ILjava/lang/CharSequence;)Z @ 12 c2
Event: 1.949 Thread 0x000001f056939800 Uncommon trap: reason=profile_predicate action=maybe_recompile pc=0x000001f068075008 method=java.util.regex.Pattern$CharPropertyGreedy.match(Ljava/util/regex/Matcher;ILjava/lang/CharSequence;)Z @ 12 c2
Event: 1.950 Thread 0x000001f056939800 Uncommon trap: reason=profile_predicate action=maybe_recompile pc=0x000001f068075008 method=java.util.regex.Pattern$CharPropertyGreedy.match(Ljava/util/regex/Matcher;ILjava/lang/CharSequence;)Z @ 12 c2
Event: 1.950 Thread 0x000001f056939800 Uncommon trap: reason=profile_predicate action=maybe_recompile pc=0x000001f068075008 method=java.util.regex.Pattern$CharPropertyGreedy.match(Ljava/util/regex/Matcher;ILjava/lang/CharSequence;)Z @ 12 c2

Classes redefined (0 events):
No events

Internal exceptions (8 events):
Event: 0.207 Thread 0x000001f056939800 Exception <a 'java/lang/NoSuchMethodError'{0x000000074d505580}: java.lang.invoke.DirectMethodHandle$Holder.invokeSpecialIFC(Ljava/lang/Object;Ljava/lang/Object;I)I> (0x000000074d505580) thrown at [t:/workspace/open/src/hotspot/share/interpreter/linkResolv
Event: 0.762 Thread 0x000001f056939800 Exception <a 'java/lang/NoClassDefFoundError'{0x000000074ba876d0}: com/google/inject/servlet/ServletModuleTargetVisitor> (0x000000074ba876d0) thrown at [t:/workspace/open/src/hotspot/share/classfile/systemDictionary.cpp, line 220]
Event: 0.762 Thread 0x000001f056939800 Exception <a 'java/lang/NoClassDefFoundError'{0x000000074ba876d0}> (0x000000074ba876d0) thrown at [t:/workspace/open/src/hotspot/share/prims/jvm.cpp, line 1311]
Event: 0.762 Thread 0x000001f056939800 Exception <a 'java/lang/NoClassDefFoundError'{0x000000074ba8a290}: javax/annotation/Priority> (0x000000074ba8a290) thrown at [t:/workspace/open/src/hotspot/share/classfile/systemDictionary.cpp, line 220]
Event: 0.824 Thread 0x000001f056939800 Exception <a 'java/lang/NoSuchMethodError'{0x000000074b69a520}: java.lang.invoke.DirectMethodHandle$Holder.invokeStaticInit(Ljava/lang/Object;IIII)Ljava/lang/Object;> (0x000000074b69a520) thrown at [t:/workspace/open/src/hotspot/share/interpreter/linkReso
Event: 0.881 Thread 0x000001f056939800 Implicit null exception at 0x000001f06800210d to 0x000001f068002206
Event: 1.065 Thread 0x000001f056939800 Implicit null exception at 0x000001f067fdbe75 to 0x000001f067fdc05e
Event: 1.139 Thread 0x000001f056939800 Implicit null exception at 0x000001f067fc38bb to 0x000001f067fc3fc2

Events (10 events):
Event: 1.949 Thread 0x000001f056939800 DEOPT UNPACKING pc=0x000001f0604a91af sp=0x0000006ef39fd780 mode 2
Event: 1.949 Thread 0x000001f056939800 Uncommon trap: trap_request=0xffffffbe fr.pc=0x000001f068075008 relative=0x0000000000000c08
Event: 1.949 Thread 0x000001f056939800 DEOPT PACKING pc=0x000001f068075008 sp=0x0000006ef39fd4a0
Event: 1.949 Thread 0x000001f056939800 DEOPT UNPACKING pc=0x000001f0604a91af sp=0x0000006ef39fd450 mode 2
Event: 1.950 Thread 0x000001f056939800 Uncommon trap: trap_request=0xffffffbe fr.pc=0x000001f068075008 relative=0x0000000000000c08
Event: 1.950 Thread 0x000001f056939800 DEOPT PACKING pc=0x000001f068075008 sp=0x0000006ef39fd530
Event: 1.950 Thread 0x000001f056939800 DEOPT UNPACKING pc=0x000001f0604a91af sp=0x0000006ef39fd4e0 mode 2
Event: 1.950 Thread 0x000001f056939800 Uncommon trap: trap_request=0xffffffbe fr.pc=0x000001f068075008 relative=0x0000000000000c08
Event: 1.950 Thread 0x000001f056939800 DEOPT PACKING pc=0x000001f068075008 sp=0x0000006ef39fd590
Event: 1.950 Thread 0x000001f056939800 DEOPT UNPACKING pc=0x000001f0604a91af sp=0x0000006ef39fd540 mode 2


Dynamic libraries:
0x00007ff674ef0000 - 0x00007ff674f37000 	C:\Program Files\Java\jdk-11.0.3\bin\java.exe
0x00007ffade830000 - 0x00007ffadea1d000 	C:\Windows\SYSTEM32\ntdll.dll
0x00007ffadd490000 - 0x00007ffadd543000 	C:\Windows\System32\KERNEL32.DLL
0x00007ffada9b0000 - 0x00007ffadac43000 	C:\Windows\System32\KERNELBASE.dll
0x00007ffadd910000 - 0x00007ffadd9b3000 	C:\Windows\System32\ADVAPI32.dll
0x00007ffaddc50000 - 0x00007ffaddcee000 	C:\Windows\System32\msvcrt.dll
0x00007ffadd600000 - 0x00007ffadd69e000 	C:\Windows\System32\sechost.dll
0x00007ffaddaa0000 - 0x00007ffaddbc2000 	C:\Windows\System32\RPCRT4.dll
0x00007ffadd6a0000 - 0x00007ffadd837000 	C:\Windows\System32\USER32.dll
0x00007ffadba40000 - 0x00007ffadba60000 	C:\Windows\System32\win32u.dll
0x00007ffadddd0000 - 0x00007ffadddf9000 	C:\Windows\System32\GDI32.dll
0x00007ffadafe0000 - 0x00007ffadb179000 	C:\Windows\System32\gdi32full.dll
0x00007ffadb180000 - 0x00007ffadb220000 	C:\Windows\System32\msvcp_win.dll
0x00007ffadae80000 - 0x00007ffadaf7a000 	C:\Windows\System32\ucrtbase.dll
0x00007ffac1e00000 - 0x00007ffac2079000 	C:\Windows\WinSxS\amd64_microsoft.windows.common-controls_6595b64144ccf1df_6.0.17763.615_none_05b4414a072024d4\COMCTL32.dll
0x00007ffad0ff0000 - 0x00007ffad0ffa000 	C:\Windows\SYSTEM32\VERSION.dll
0x00007ffade4d0000 - 0x00007ffade7fc000 	C:\Windows\System32\combase.dll
0x00007ffadb220000 - 0x00007ffadb29e000 	C:\Windows\System32\bcryptPrimitives.dll
0x00007ffadde00000 - 0x00007ffadde2e000 	C:\Windows\System32\IMM32.DLL
0x00007ffac6ee0000 - 0x00007ffac6ef6000 	C:\Program Files\Java\jdk-11.0.3\bin\vcruntime140.dll
0x00007ffaabd80000 - 0x00007ffaabe2a000 	C:\Program Files\Java\jdk-11.0.3\bin\msvcp140.dll
0x00007ffa9d930000 - 0x00007ffa9e457000 	C:\Program Files\Java\jdk-11.0.3\bin\server\jvm.dll
0x00007ffaddc40000 - 0x00007ffaddc48000 	C:\Windows\System32\PSAPI.DLL
0x00007ffad5780000 - 0x00007ffad5789000 	C:\Windows\SYSTEM32\WSOCK32.dll
0x00007ffad7850000 - 0x00007ffad7874000 	C:\Windows\SYSTEM32\WINMM.dll
0x00007ffaddbd0000 - 0x00007ffaddc3d000 	C:\Windows\System32\WS2_32.dll
0x00007ffad75a0000 - 0x00007ffad75cd000 	C:\Windows\SYSTEM32\winmmbase.dll
0x00007ffadae30000 - 0x00007ffadae7a000 	C:\Windows\System32\cfgmgr32.dll
0x00007ffada8e0000 - 0x00007ffada8f1000 	C:\Windows\System32\kernel.appcore.dll
0x00007ffac6ec0000 - 0x00007ffac6ed1000 	C:\Program Files\Java\jdk-11.0.3\bin\verify.dll
0x00007ffad9520000 - 0x00007ffad970d000 	C:\Windows\SYSTEM32\DBGHELP.DLL
0x00007ffac3a70000 - 0x00007ffac3a9a000 	C:\Windows\SYSTEM32\dbgcore.DLL
0x00007ffac27e0000 - 0x00007ffac2809000 	C:\Program Files\Java\jdk-11.0.3\bin\java.dll
0x00007ffac4950000 - 0x00007ffac4966000 	C:\Program Files\Java\jdk-11.0.3\bin\zip.dll
0x00007ffad4110000 - 0x00007ffad411a000 	C:\Program Files\Java\jdk-11.0.3\bin\jimage.dll
0x00007ffadbf90000 - 0x00007ffadd480000 	C:\Windows\System32\SHELL32.dll
0x00007ffadbee0000 - 0x00007ffadbf88000 	C:\Windows\System32\shcore.dll
0x00007ffadb2d0000 - 0x00007ffadba1a000 	C:\Windows\System32\windows.storage.dll
0x00007ffada8b0000 - 0x00007ffada8d4000 	C:\Windows\System32\profapi.dll
0x00007ffada830000 - 0x00007ffada88d000 	C:\Windows\System32\powrprof.dll
0x00007ffadde30000 - 0x00007ffadde82000 	C:\Windows\System32\shlwapi.dll
0x00007ffadba20000 - 0x00007ffadba37000 	C:\Windows\System32\cryptsp.dll
0x00007ffac31f0000 - 0x00007ffac3209000 	C:\Program Files\Java\jdk-11.0.3\bin\net.dll
0x00007ffad3800000 - 0x00007ffad38f2000 	C:\Windows\SYSTEM32\WINHTTP.dll
0x00007ffad3040000 - 0x00007ffad3217000 	C:\Windows\SYSTEM32\urlmon.dll
0x00007fface140000 - 0x00007fface3e8000 	C:\Windows\SYSTEM32\iertutil.dll
0x00007ffada270000 - 0x00007ffada27c000 	C:\Windows\SYSTEM32\CRYPTBASE.DLL
0x00007ffada0a0000 - 0x00007ffada107000 	C:\Windows\system32\mswsock.dll
0x00007ffac27c0000 - 0x00007ffac27d3000 	C:\Program Files\Java\jdk-11.0.3\bin\nio.dll

dbghelp: loaded successfully - version: 4.0.5 - missing functions: none
symbol engine: initialized successfully - sym options: 0x614 - pdb path: .;C:\Program Files\Java\jdk-11.0.3\bin;C:\Windows\SYSTEM32;C:\Windows\WinSxS\amd64_microsoft.windows.common-controls_6595b64144ccf1df_6.0.17763.615_none_05b4414a072024d4;C:\Program Files\Java\jdk-11.0.3\bin\server

VM Arguments:
jvm_args: -Dclassworlds.conf=C:\Program Files\NetBeans 11\netbeans\java\maven\bin\m2.conf -Dmaven.home=C:\Program Files\NetBeans 11\netbeans\java\maven -Dmaven.multiModuleProjectDirectory=D:\Users\Usuario\Documents\NetBeansProjects\Login 
java_command: org.codehaus.plexus.classworlds.launcher.Launcher -Dexec.args=-classpath %classpath Vista.Main -Dexec.executable=C:\Program Files\Java\jdk-11.0.3\bin\java.exe -Dmaven.ext.class.path=C:\Program Files\NetBeans 11\netbeans\java\maven-nblib\netbeans-eventspy.jar -Dfile.encoding=UTF-8 process-classes org.codehaus.mojo:exec-maven-plugin:1.5.0:exec
java_class_path (initial): C:\Program Files\NetBeans 11\netbeans\java\maven\boot\plexus-classworlds-2.5.2.jar
Launcher Type: SUN_STANDARD

[Global flags]
     intx CICompilerCount                          = 4                                         {product} {ergonomic}
     uint ConcGCThreads                            = 2                                         {product} {ergonomic}
     uint G1ConcRefinementThreads                  = 8                                         {product} {ergonomic}
   size_t G1HeapRegionSize                         = 1048576                                   {product} {ergonomic}
    uintx GCDrainStackTargetSize                   = 64                                        {product} {ergonomic}
   size_t InitialHeapSize                          = 201326592                                 {product} {ergonomic}
   size_t MarkStackSize                            = 4194304                                   {product} {ergonomic}
   size_t MaxHeapSize                              = 3191865344                                {product} {ergonomic}
   size_t MaxNewSize                               = 1914699776                                {product} {ergonomic}
   size_t MinHeapDeltaBytes                        = 1048576                                   {product} {ergonomic}
    uintx NonNMethodCodeHeapSize                   = 5835340                                {pd product} {ergonomic}
    uintx NonProfiledCodeHeapSize                  = 122911450                              {pd product} {ergonomic}
    uintx ProfiledCodeHeapSize                     = 122911450                              {pd product} {ergonomic}
    uintx ReservedCodeCacheSize                    = 251658240                              {pd product} {ergonomic}
     bool SegmentedCodeCache                       = true                                      {product} {ergonomic}
     bool UseCompressedClassPointers               = true                                 {lp64_product} {ergonomic}
     bool UseCompressedOops                        = true                                 {lp64_product} {ergonomic}
     bool UseG1GC                                  = true                                      {product} {ergonomic}
     bool UseLargePagesIndividualAllocation        = false                                  {pd product} {ergonomic}

Logging:
Log output configuration:
 #0: stdout all=warning uptime,level,tags
 #1: stderr all=off uptime,level,tags

Environment Variables:
JAVA_HOME=C:\Program Files\Java\jdk-11.0.3
CLASSPATH=.;C:\Program Files (x86)\QuickTime\QTSystem\QTJava.zip
PATH=C:\Program Files (x86)\Intel\iCLS Client\;C:\Program Files\Intel\iCLS Client\;C:\Program Files (x86)\Common Files\Oracle\Java\javapath;C:\Windows\system32;C:\Windows;C:\Windows\System32\Wbem;C:\Windows\System32\WindowsPowerShell\v1.0\;C:\Windows\System32\OpenSSH\;C:\Program Files (x86)\NVIDIA Corporation\PhysX\Common;C:\Program Files\NVIDIA Corporation\NVIDIA NvDLISR;C:\Program Files (x86)\QuickTime\QTSystem\;C:\Program Files (x86)\Intel\Intel(R) Management Engine Components\DAL;C:\Program Files\Intel\Intel(R) Management Engine Components\DAL;C:\Program Files (x86)\Intel\Intel(R) Management Engine Components\IPT;C:\Program Files\Intel\Intel(R) Management Engine Components\IPT;C:\Program Files\MATLAB\R2019a\runtime\win64;C:\Program Files\MATLAB\R2019a\bin;C:\Program Files\Git\cmd;C:\Program Files\Git\mingw64\bin;C:\Program Files\Git\usr\bin;C:\Program Files\nodejs\;C:\Users\Usuario\AppData\Local\Programs\Python\Python37-32\Scripts\;C:\Users\Usuario\AppData\Local\Programs\Python\Python37-32\;C:\Users\Usuario\AppData\Local\Microsoft\WindowsApps;;C:\Users\Usuario\AppData\Local\Programs\Microsoft VS Code\bin;C:\Users\Usuario\AppData\Roaming\npm
USERNAME=Usuario
OS=Windows_NT
PROCESSOR_IDENTIFIER=Intel64 Family 6 Model 142 Stepping 10, GenuineIntel



---------------  S Y S T E M  ---------------

OS: Windows 10 , 64 bit Build 17763 (10.0.17763.475)

CPU:total 8 (initial active 8) (4 cores per cpu, 2 threads per core) family 6 model 142 stepping 10, cmov, cx8, fxsr, mmx, sse, sse2, sse3, ssse3, sse4.1, sse4.2, popcnt, avx, avx2, aes, clmul, erms, 3dnowpref, lzcnt, ht, tsc, tscinvbit, bmi1, bmi2, adx, fma

Memory: 4k page, system-wide physical 12171M (1263M free)
TotalPageFile size 12171M (AvailPageFile size 5M)
current process WorkingSet (physical memory assigned to process): 156M, peak: 156M
current process commit charge ("private bytes"): 316M, peak: 317M

vm_info: Java HotSpot(TM) 64-Bit Server VM (11.0.3+12-LTS) for windows-amd64 JRE (11.0.3+12-LTS), built on Apr  2 2019 12:43:09 by "mach5one" with MS VC++ 15.5 (VS2017)

END.
